{"name":"hexo","hostname":"starsky-ThinkPad-E531","pid":4764,"level":20,"msg":"Hexo version: \u001b[35m3.1.1\u001b[39m","time":"2016-02-07T15:29:24.111Z","v":0}
{"name":"hexo","hostname":"starsky-ThinkPad-E531","pid":4764,"level":20,"msg":"Working directory: \u001b[35m~/Lab/Hexo/11zHexo/\u001b[39m","time":"2016-02-07T15:29:24.116Z","v":0}
{"name":"hexo","hostname":"starsky-ThinkPad-E531","pid":4764,"level":20,"msg":"Config loaded: \u001b[35m~/Lab/Hexo/11zHexo/_config.yml\u001b[39m","time":"2016-02-07T15:29:24.195Z","v":0}
{"name":"hexo","hostname":"starsky-ThinkPad-E531","pid":4764,"level":20,"msg":"Script loaded: \u001b[35mthemes/paperbox/scripts/fancybox.js\u001b[39m","time":"2016-02-07T15:29:24.212Z","v":0}
{"name":"hexo","hostname":"starsky-ThinkPad-E531","pid":4764,"level":20,"msg":"Plugin loaded: \u001b[35mhexo-generator-archive\u001b[39m","time":"2016-02-07T15:29:24.216Z","v":0}
{"name":"hexo","hostname":"starsky-ThinkPad-E531","pid":4764,"level":20,"msg":"Plugin loaded: \u001b[35mhexo-generator-category\u001b[39m","time":"2016-02-07T15:29:24.218Z","v":0}
{"name":"hexo","hostname":"starsky-ThinkPad-E531","pid":4764,"level":20,"msg":"Plugin loaded: \u001b[35mhexo-generator-feed\u001b[39m","time":"2016-02-07T15:29:24.259Z","v":0}
{"name":"hexo","hostname":"starsky-ThinkPad-E531","pid":4764,"level":20,"msg":"Plugin loaded: \u001b[35mhexo-generator-index\u001b[39m","time":"2016-02-07T15:29:24.261Z","v":0}
{"name":"hexo","hostname":"starsky-ThinkPad-E531","pid":4764,"level":20,"msg":"Plugin loaded: \u001b[35mhexo-generator-sitemap\u001b[39m","time":"2016-02-07T15:29:24.266Z","v":0}
{"name":"hexo","hostname":"starsky-ThinkPad-E531","pid":4764,"level":20,"msg":"Plugin loaded: \u001b[35mhexo-generator-tag\u001b[39m","time":"2016-02-07T15:29:24.268Z","v":0}
{"name":"hexo","hostname":"starsky-ThinkPad-E531","pid":4764,"level":20,"msg":"Plugin loaded: \u001b[35mhexo-math\u001b[39m","time":"2016-02-07T15:29:24.407Z","v":0}
{"name":"hexo","hostname":"starsky-ThinkPad-E531","pid":4764,"level":30,"msg":"-----------------------------------------------------------","time":"2016-02-07T15:29:24.477Z","v":0}
{"name":"hexo","hostname":"starsky-ThinkPad-E531","pid":4764,"level":30,"msg":"\u001b[33mqiniu state: \u001b[39moffline","time":"2016-02-07T15:29:24.477Z","v":0}
{"name":"hexo","hostname":"starsky-ThinkPad-E531","pid":4764,"level":30,"msg":"\u001b[33mqiniu sync:  \u001b[39mfalse","time":"2016-02-07T15:29:24.477Z","v":0}
{"name":"hexo","hostname":"starsky-ThinkPad-E531","pid":4764,"level":30,"msg":"\u001b[33mqiniu local dir:  \u001b[39mstatic","time":"2016-02-07T15:29:24.477Z","v":0}
{"name":"hexo","hostname":"starsky-ThinkPad-E531","pid":4764,"level":30,"msg":"\u001b[33mqiniu url:   \u001b[39m/static","time":"2016-02-07T15:29:24.477Z","v":0}
{"name":"hexo","hostname":"starsky-ThinkPad-E531","pid":4764,"level":30,"msg":"-----------------------------------------------------------","time":"2016-02-07T15:29:24.478Z","v":0}
{"name":"hexo","hostname":"starsky-ThinkPad-E531","pid":4764,"level":40,"msg":"qiniu sync is offline mode","time":"2016-02-07T15:29:24.597Z","v":0}
{"name":"hexo","hostname":"starsky-ThinkPad-E531","pid":4764,"level":20,"msg":"Plugin loaded: \u001b[35mhexo-qiniu-sync\u001b[39m","time":"2016-02-07T15:29:24.599Z","v":0}
{"name":"hexo","hostname":"starsky-ThinkPad-E531","pid":4764,"level":20,"msg":"Plugin loaded: \u001b[35mhexo-renderer-ejs\u001b[39m","time":"2016-02-07T15:29:24.601Z","v":0}
{"name":"hexo","hostname":"starsky-ThinkPad-E531","pid":4764,"level":20,"msg":"Plugin loaded: \u001b[35mhexo-renderer-marked\u001b[39m","time":"2016-02-07T15:29:24.666Z","v":0}
{"name":"hexo","hostname":"starsky-ThinkPad-E531","pid":4764,"level":20,"msg":"Plugin loaded: \u001b[35mhexo-renderer-stylus\u001b[39m","time":"2016-02-07T15:29:24.787Z","v":0}
{"name":"hexo","hostname":"starsky-ThinkPad-E531","pid":4764,"level":20,"msg":"Plugin loaded: \u001b[35mhexo-server\u001b[39m","time":"2016-02-07T15:29:24.876Z","v":0}
{"name":"hexo","hostname":"starsky-ThinkPad-E531","pid":4764,"level":20,"msg":"Loading database.","time":"2016-02-07T15:29:24.887Z","v":0}
{"name":"hexo","hostname":"starsky-ThinkPad-E531","pid":4764,"level":20,"msg":"Added: \u001b[35msource/404.html\u001b[39m","time":"2016-02-07T15:29:24.949Z","v":0}
{"name":"hexo","hostname":"starsky-ThinkPad-E531","pid":4764,"level":20,"msg":"Added: \u001b[35msource/CNAME\u001b[39m","time":"2016-02-07T15:29:24.951Z","v":0}
{"name":"hexo","hostname":"starsky-ThinkPad-E531","pid":4764,"level":20,"msg":"Added: \u001b[35msource/_posts/Hello-World.md\u001b[39m","time":"2016-02-07T15:29:24.952Z","v":0}
{"name":"hexo","hostname":"starsky-ThinkPad-E531","pid":4764,"level":20,"msg":"Added: \u001b[35msource/_posts/Hexo主题Paperbox.md\u001b[39m","time":"2016-02-07T15:29:24.952Z","v":0}
{"name":"hexo","hostname":"starsky-ThinkPad-E531","pid":4764,"level":20,"msg":"Added: \u001b[35msource/_posts/ROS-on-ARM--Linux For RK3066 Mini PC简介.md\u001b[39m","time":"2016-02-07T15:29:24.952Z","v":0}
{"name":"hexo","hostname":"starsky-ThinkPad-E531","pid":4764,"level":20,"msg":"Added: \u001b[35msource/_posts/ROS-on-ARM--Picuntu 安装配置.md\u001b[39m","time":"2016-02-07T15:29:24.952Z","v":0}
{"name":"hexo","hostname":"starsky-ThinkPad-E531","pid":4764,"level":20,"msg":"Added: \u001b[35msource/_posts/ROS-on-ARM--RK3066上本地编译ROS Groovy.md\u001b[39m","time":"2016-02-07T15:29:24.953Z","v":0}
{"name":"hexo","hostname":"starsky-ThinkPad-E531","pid":4764,"level":20,"msg":"Added: \u001b[35msource/_posts/Rosmin与Rossum.md\u001b[39m","time":"2016-02-07T15:29:24.953Z","v":0}
{"name":"hexo","hostname":"starsky-ThinkPad-E531","pid":4764,"level":20,"msg":"Added: \u001b[35msource/_posts/TL-WR703n挂载USB摄像头.md\u001b[39m","time":"2016-02-07T15:29:24.953Z","v":0}
{"name":"hexo","hostname":"starsky-ThinkPad-E531","pid":4764,"level":20,"msg":"Added: \u001b[35msource/_posts/Tiny6410的OpenCV2.4.2移植笔记.md\u001b[39m","time":"2016-02-07T15:29:24.954Z","v":0}
{"name":"hexo","hostname":"starsky-ThinkPad-E531","pid":4764,"level":20,"msg":"Added: \u001b[35msource/_posts/Ubuntu12.04美化配置笔记.md\u001b[39m","time":"2016-02-07T15:29:24.955Z","v":0}
{"name":"hexo","hostname":"starsky-ThinkPad-E531","pid":4764,"level":20,"msg":"Added: \u001b[35msource/_posts/WTFRobot-Rosmin.md\u001b[39m","time":"2016-02-07T15:29:24.955Z","v":0}
{"name":"hexo","hostname":"starsky-ThinkPad-E531","pid":4764,"level":20,"msg":"Added: \u001b[35msource/_posts/[译]OpenCV的基础光学字符识别.md\u001b[39m","time":"2016-02-07T15:29:24.955Z","v":0}
{"name":"hexo","hostname":"starsky-ThinkPad-E531","pid":4764,"level":20,"msg":"Added: \u001b[35msource/_posts/[译]人脸检测与人脸识别简介.md\u001b[39m","time":"2016-02-07T15:29:24.956Z","v":0}
{"name":"hexo","hostname":"starsky-ThinkPad-E531","pid":4764,"level":20,"msg":"Added: \u001b[35msource/_posts/一个Quick-and-Dirty的记事本程序.md\u001b[39m","time":"2016-02-07T15:29:24.956Z","v":0}
{"name":"hexo","hostname":"starsky-ThinkPad-E531","pid":4764,"level":20,"msg":"Added: \u001b[35msource/_posts/西电技物论坛.md\u001b[39m","time":"2016-02-07T15:29:24.956Z","v":0}
{"name":"hexo","hostname":"starsky-ThinkPad-E531","pid":4764,"level":20,"msg":"Added: \u001b[35msource/about/index.md\u001b[39m","time":"2016-02-07T15:29:24.956Z","v":0}
{"name":"hexo","hostname":"starsky-ThinkPad-E531","pid":4764,"level":20,"msg":"Added: \u001b[35msource/debug.log\u001b[39m","time":"2016-02-07T15:29:24.956Z","v":0}
{"name":"hexo","hostname":"starsky-ThinkPad-E531","pid":4764,"level":20,"msg":"Added: \u001b[35msource/favicon.png\u001b[39m","time":"2016-02-07T15:29:24.957Z","v":0}
{"name":"hexo","hostname":"starsky-ThinkPad-E531","pid":4764,"level":20,"msg":"Added: \u001b[35mthemes/paperbox/Gruntfile.js\u001b[39m","time":"2016-02-07T15:29:24.992Z","v":0}
{"name":"hexo","hostname":"starsky-ThinkPad-E531","pid":4764,"level":20,"msg":"Added: \u001b[35mthemes/paperbox/LICENSE\u001b[39m","time":"2016-02-07T15:29:24.993Z","v":0}
{"name":"hexo","hostname":"starsky-ThinkPad-E531","pid":4764,"level":20,"msg":"Added: \u001b[35mthemes/paperbox/README.md\u001b[39m","time":"2016-02-07T15:29:24.994Z","v":0}
{"name":"hexo","hostname":"starsky-ThinkPad-E531","pid":4764,"level":20,"msg":"Added: \u001b[35mthemes/paperbox/_config.yml\u001b[39m","time":"2016-02-07T15:29:24.994Z","v":0}
{"name":"hexo","hostname":"starsky-ThinkPad-E531","pid":4764,"level":20,"msg":"Added: \u001b[35mthemes/paperbox/languages/default.yml\u001b[39m","time":"2016-02-07T15:29:24.994Z","v":0}
{"name":"hexo","hostname":"starsky-ThinkPad-E531","pid":4764,"level":20,"msg":"Added: \u001b[35mthemes/paperbox/languages/zh-CN.yml\u001b[39m","time":"2016-02-07T15:29:24.995Z","v":0}
{"name":"hexo","hostname":"starsky-ThinkPad-E531","pid":4764,"level":20,"msg":"Added: \u001b[35mthemes/paperbox/languages/zh-TW.yml\u001b[39m","time":"2016-02-07T15:29:24.995Z","v":0}
{"name":"hexo","hostname":"starsky-ThinkPad-E531","pid":4764,"level":20,"msg":"Added: \u001b[35mthemes/paperbox/layout/_partial/after-footer.ejs\u001b[39m","time":"2016-02-07T15:29:24.995Z","v":0}
{"name":"hexo","hostname":"starsky-ThinkPad-E531","pid":4764,"level":20,"msg":"Added: \u001b[35mthemes/paperbox/layout/_partial/archive-post.ejs\u001b[39m","time":"2016-02-07T15:29:24.995Z","v":0}
{"name":"hexo","hostname":"starsky-ThinkPad-E531","pid":4764,"level":20,"msg":"Added: \u001b[35mthemes/paperbox/layout/_partial/archive.ejs\u001b[39m","time":"2016-02-07T15:29:24.995Z","v":0}
{"name":"hexo","hostname":"starsky-ThinkPad-E531","pid":4764,"level":20,"msg":"Added: \u001b[35mthemes/paperbox/layout/_partial/article.ejs\u001b[39m","time":"2016-02-07T15:29:24.995Z","v":0}
{"name":"hexo","hostname":"starsky-ThinkPad-E531","pid":4764,"level":20,"msg":"Added: \u001b[35mthemes/paperbox/layout/_partial/footer.ejs\u001b[39m","time":"2016-02-07T15:29:24.996Z","v":0}
{"name":"hexo","hostname":"starsky-ThinkPad-E531","pid":4764,"level":20,"msg":"Added: \u001b[35mthemes/paperbox/layout/_partial/google-analytics.ejs\u001b[39m","time":"2016-02-07T15:29:24.996Z","v":0}
{"name":"hexo","hostname":"starsky-ThinkPad-E531","pid":4764,"level":20,"msg":"Added: \u001b[35mthemes/paperbox/layout/_partial/head.ejs\u001b[39m","time":"2016-02-07T15:29:24.996Z","v":0}
{"name":"hexo","hostname":"starsky-ThinkPad-E531","pid":4764,"level":20,"msg":"Added: \u001b[35mthemes/paperbox/layout/_partial/header.ejs\u001b[39m","time":"2016-02-07T15:29:24.996Z","v":0}
{"name":"hexo","hostname":"starsky-ThinkPad-E531","pid":4764,"level":20,"msg":"Added: \u001b[35mthemes/paperbox/layout/_partial/mobile-nav.ejs\u001b[39m","time":"2016-02-07T15:29:24.996Z","v":0}
{"name":"hexo","hostname":"starsky-ThinkPad-E531","pid":4764,"level":20,"msg":"Added: \u001b[35mthemes/paperbox/layout/_partial/post/category.ejs\u001b[39m","time":"2016-02-07T15:29:24.996Z","v":0}
{"name":"hexo","hostname":"starsky-ThinkPad-E531","pid":4764,"level":20,"msg":"Added: \u001b[35mthemes/paperbox/layout/_partial/post/date.ejs\u001b[39m","time":"2016-02-07T15:29:24.997Z","v":0}
{"name":"hexo","hostname":"starsky-ThinkPad-E531","pid":4764,"level":20,"msg":"Added: \u001b[35mthemes/paperbox/layout/_partial/post/gallery.ejs\u001b[39m","time":"2016-02-07T15:29:24.997Z","v":0}
{"name":"hexo","hostname":"starsky-ThinkPad-E531","pid":4764,"level":20,"msg":"Added: \u001b[35mthemes/paperbox/layout/_partial/post/nav.ejs\u001b[39m","time":"2016-02-07T15:29:24.997Z","v":0}
{"name":"hexo","hostname":"starsky-ThinkPad-E531","pid":4764,"level":20,"msg":"Added: \u001b[35mthemes/paperbox/layout/_partial/post/tag.ejs\u001b[39m","time":"2016-02-07T15:29:24.997Z","v":0}
{"name":"hexo","hostname":"starsky-ThinkPad-E531","pid":4764,"level":20,"msg":"Added: \u001b[35mthemes/paperbox/layout/_partial/post/title.ejs\u001b[39m","time":"2016-02-07T15:29:24.998Z","v":0}
{"name":"hexo","hostname":"starsky-ThinkPad-E531","pid":4764,"level":20,"msg":"Added: \u001b[35mthemes/paperbox/layout/_partial/sidebar.ejs\u001b[39m","time":"2016-02-07T15:29:24.998Z","v":0}
{"name":"hexo","hostname":"starsky-ThinkPad-E531","pid":4764,"level":20,"msg":"Added: \u001b[35mthemes/paperbox/layout/_partial/swiftype.ejs\u001b[39m","time":"2016-02-07T15:29:24.998Z","v":0}
{"name":"hexo","hostname":"starsky-ThinkPad-E531","pid":4764,"level":20,"msg":"Added: \u001b[35mthemes/paperbox/layout/_partial/totop.ejs\u001b[39m","time":"2016-02-07T15:29:24.998Z","v":0}
{"name":"hexo","hostname":"starsky-ThinkPad-E531","pid":4764,"level":20,"msg":"Added: \u001b[35mthemes/paperbox/layout/_widget/archive.ejs\u001b[39m","time":"2016-02-07T15:29:24.998Z","v":0}
{"name":"hexo","hostname":"starsky-ThinkPad-E531","pid":4764,"level":20,"msg":"Added: \u001b[35mthemes/paperbox/layout/_widget/category.ejs\u001b[39m","time":"2016-02-07T15:29:24.998Z","v":0}
{"name":"hexo","hostname":"starsky-ThinkPad-E531","pid":4764,"level":20,"msg":"Added: \u001b[35mthemes/paperbox/layout/_widget/links.ejs\u001b[39m","time":"2016-02-07T15:29:24.998Z","v":0}
{"name":"hexo","hostname":"starsky-ThinkPad-E531","pid":4764,"level":20,"msg":"Added: \u001b[35mthemes/paperbox/layout/_widget/recent_posts.ejs\u001b[39m","time":"2016-02-07T15:29:24.999Z","v":0}
{"name":"hexo","hostname":"starsky-ThinkPad-E531","pid":4764,"level":20,"msg":"Added: \u001b[35mthemes/paperbox/layout/_widget/tag.ejs\u001b[39m","time":"2016-02-07T15:29:24.999Z","v":0}
{"name":"hexo","hostname":"starsky-ThinkPad-E531","pid":4764,"level":20,"msg":"Added: \u001b[35mthemes/paperbox/layout/_widget/tagcloud.ejs\u001b[39m","time":"2016-02-07T15:29:24.999Z","v":0}
{"name":"hexo","hostname":"starsky-ThinkPad-E531","pid":4764,"level":20,"msg":"Added: \u001b[35mthemes/paperbox/layout/archive.ejs\u001b[39m","time":"2016-02-07T15:29:24.999Z","v":0}
{"name":"hexo","hostname":"starsky-ThinkPad-E531","pid":4764,"level":20,"msg":"Added: \u001b[35mthemes/paperbox/layout/category.ejs\u001b[39m","time":"2016-02-07T15:29:24.999Z","v":0}
{"name":"hexo","hostname":"starsky-ThinkPad-E531","pid":4764,"level":20,"msg":"Added: \u001b[35mthemes/paperbox/layout/index.ejs\u001b[39m","time":"2016-02-07T15:29:24.999Z","v":0}
{"name":"hexo","hostname":"starsky-ThinkPad-E531","pid":4764,"level":20,"msg":"Added: \u001b[35mthemes/paperbox/layout/layout.ejs\u001b[39m","time":"2016-02-07T15:29:24.999Z","v":0}
{"name":"hexo","hostname":"starsky-ThinkPad-E531","pid":4764,"level":20,"msg":"Added: \u001b[35mthemes/paperbox/layout/page.ejs\u001b[39m","time":"2016-02-07T15:29:24.999Z","v":0}
{"name":"hexo","hostname":"starsky-ThinkPad-E531","pid":4764,"level":20,"msg":"Added: \u001b[35mthemes/paperbox/layout/post.ejs\u001b[39m","time":"2016-02-07T15:29:25.000Z","v":0}
{"name":"hexo","hostname":"starsky-ThinkPad-E531","pid":4764,"level":20,"msg":"Added: \u001b[35mthemes/paperbox/layout/tag.ejs\u001b[39m","time":"2016-02-07T15:29:25.000Z","v":0}
{"name":"hexo","hostname":"starsky-ThinkPad-E531","pid":4764,"level":20,"msg":"Added: \u001b[35mthemes/paperbox/package.json\u001b[39m","time":"2016-02-07T15:29:25.000Z","v":0}
{"name":"hexo","hostname":"starsky-ThinkPad-E531","pid":4764,"level":20,"msg":"Added: \u001b[35mthemes/paperbox/scripts/fancybox.js\u001b[39m","time":"2016-02-07T15:29:25.000Z","v":0}
{"name":"hexo","hostname":"starsky-ThinkPad-E531","pid":4764,"level":20,"msg":"Added: \u001b[35mthemes/paperbox/source/css/_extend.styl\u001b[39m","time":"2016-02-07T15:29:25.000Z","v":0}
{"name":"hexo","hostname":"starsky-ThinkPad-E531","pid":4764,"level":20,"msg":"Added: \u001b[35mthemes/paperbox/source/css/_partial/archive.styl\u001b[39m","time":"2016-02-07T15:29:25.000Z","v":0}
{"name":"hexo","hostname":"starsky-ThinkPad-E531","pid":4764,"level":20,"msg":"Added: \u001b[35mthemes/paperbox/source/css/_partial/article.styl\u001b[39m","time":"2016-02-07T15:29:25.001Z","v":0}
{"name":"hexo","hostname":"starsky-ThinkPad-E531","pid":4764,"level":20,"msg":"Added: \u001b[35mthemes/paperbox/source/css/_partial/comment.styl\u001b[39m","time":"2016-02-07T15:29:25.001Z","v":0}
{"name":"hexo","hostname":"starsky-ThinkPad-E531","pid":4764,"level":20,"msg":"Added: \u001b[35mthemes/paperbox/source/css/_partial/footer.styl\u001b[39m","time":"2016-02-07T15:29:25.001Z","v":0}
{"name":"hexo","hostname":"starsky-ThinkPad-E531","pid":4764,"level":20,"msg":"Added: \u001b[35mthemes/paperbox/source/css/_partial/header.styl\u001b[39m","time":"2016-02-07T15:29:25.001Z","v":0}
{"name":"hexo","hostname":"starsky-ThinkPad-E531","pid":4764,"level":20,"msg":"Added: \u001b[35mthemes/paperbox/source/css/_partial/highlight.styl\u001b[39m","time":"2016-02-07T15:29:25.001Z","v":0}
{"name":"hexo","hostname":"starsky-ThinkPad-E531","pid":4764,"level":20,"msg":"Added: \u001b[35mthemes/paperbox/source/css/_partial/mobile.styl\u001b[39m","time":"2016-02-07T15:29:25.001Z","v":0}
{"name":"hexo","hostname":"starsky-ThinkPad-E531","pid":4764,"level":20,"msg":"Added: \u001b[35mthemes/paperbox/source/css/_partial/sidebar-aside.styl\u001b[39m","time":"2016-02-07T15:29:25.002Z","v":0}
{"name":"hexo","hostname":"starsky-ThinkPad-E531","pid":4764,"level":20,"msg":"Added: \u001b[35mthemes/paperbox/source/css/_partial/sidebar-bottom.styl\u001b[39m","time":"2016-02-07T15:29:25.002Z","v":0}
{"name":"hexo","hostname":"starsky-ThinkPad-E531","pid":4764,"level":20,"msg":"Added: \u001b[35mthemes/paperbox/source/css/_partial/sidebar.styl\u001b[39m","time":"2016-02-07T15:29:25.002Z","v":0}
{"name":"hexo","hostname":"starsky-ThinkPad-E531","pid":4764,"level":20,"msg":"Added: \u001b[35mthemes/paperbox/source/css/_partial/totop.styl\u001b[39m","time":"2016-02-07T15:29:25.003Z","v":0}
{"name":"hexo","hostname":"starsky-ThinkPad-E531","pid":4764,"level":20,"msg":"Added: \u001b[35mthemes/paperbox/source/css/_util/grid.styl\u001b[39m","time":"2016-02-07T15:29:25.003Z","v":0}
{"name":"hexo","hostname":"starsky-ThinkPad-E531","pid":4764,"level":20,"msg":"Added: \u001b[35mthemes/paperbox/source/css/_util/mixin.styl\u001b[39m","time":"2016-02-07T15:29:25.003Z","v":0}
{"name":"hexo","hostname":"starsky-ThinkPad-E531","pid":4764,"level":20,"msg":"Added: \u001b[35mthemes/paperbox/source/css/_variables.styl\u001b[39m","time":"2016-02-07T15:29:25.003Z","v":0}
{"name":"hexo","hostname":"starsky-ThinkPad-E531","pid":4764,"level":20,"msg":"Added: \u001b[35mthemes/paperbox/source/css/style.styl\u001b[39m","time":"2016-02-07T15:29:25.003Z","v":0}
{"name":"hexo","hostname":"starsky-ThinkPad-E531","pid":4764,"level":20,"msg":"Added: \u001b[35mthemes/paperbox/source/fancybox/blank.gif\u001b[39m","time":"2016-02-07T15:29:25.003Z","v":0}
{"name":"hexo","hostname":"starsky-ThinkPad-E531","pid":4764,"level":20,"msg":"Added: \u001b[35mthemes/paperbox/source/fancybox/fancybox_loading.gif\u001b[39m","time":"2016-02-07T15:29:25.003Z","v":0}
{"name":"hexo","hostname":"starsky-ThinkPad-E531","pid":4764,"level":20,"msg":"Added: \u001b[35mthemes/paperbox/source/fancybox/fancybox_loading@2x.gif\u001b[39m","time":"2016-02-07T15:29:25.004Z","v":0}
{"name":"hexo","hostname":"starsky-ThinkPad-E531","pid":4764,"level":20,"msg":"Added: \u001b[35mthemes/paperbox/source/fancybox/fancybox_overlay.png\u001b[39m","time":"2016-02-07T15:29:25.004Z","v":0}
{"name":"hexo","hostname":"starsky-ThinkPad-E531","pid":4764,"level":20,"msg":"Added: \u001b[35mthemes/paperbox/source/fancybox/fancybox_sprite.png\u001b[39m","time":"2016-02-07T15:29:25.004Z","v":0}
{"name":"hexo","hostname":"starsky-ThinkPad-E531","pid":4764,"level":20,"msg":"Added: \u001b[35mthemes/paperbox/source/fancybox/fancybox_sprite@2x.png\u001b[39m","time":"2016-02-07T15:29:25.004Z","v":0}
{"name":"hexo","hostname":"starsky-ThinkPad-E531","pid":4764,"level":20,"msg":"Added: \u001b[35mthemes/paperbox/source/fancybox/helpers/fancybox_buttons.png\u001b[39m","time":"2016-02-07T15:29:25.004Z","v":0}
{"name":"hexo","hostname":"starsky-ThinkPad-E531","pid":4764,"level":20,"msg":"Added: \u001b[35mthemes/paperbox/source/fancybox/helpers/jquery.fancybox-buttons.css\u001b[39m","time":"2016-02-07T15:29:25.004Z","v":0}
{"name":"hexo","hostname":"starsky-ThinkPad-E531","pid":4764,"level":20,"msg":"Added: \u001b[35mthemes/paperbox/source/fancybox/helpers/jquery.fancybox-buttons.js\u001b[39m","time":"2016-02-07T15:29:25.004Z","v":0}
{"name":"hexo","hostname":"starsky-ThinkPad-E531","pid":4764,"level":20,"msg":"Added: \u001b[35mthemes/paperbox/source/fancybox/helpers/jquery.fancybox-media.js\u001b[39m","time":"2016-02-07T15:29:25.004Z","v":0}
{"name":"hexo","hostname":"starsky-ThinkPad-E531","pid":4764,"level":20,"msg":"Added: \u001b[35mthemes/paperbox/source/fancybox/helpers/jquery.fancybox-thumbs.css\u001b[39m","time":"2016-02-07T15:29:25.005Z","v":0}
{"name":"hexo","hostname":"starsky-ThinkPad-E531","pid":4764,"level":20,"msg":"Added: \u001b[35mthemes/paperbox/source/fancybox/helpers/jquery.fancybox-thumbs.js\u001b[39m","time":"2016-02-07T15:29:25.005Z","v":0}
{"name":"hexo","hostname":"starsky-ThinkPad-E531","pid":4764,"level":20,"msg":"Added: \u001b[35mthemes/paperbox/source/fancybox/jquery.fancybox.css\u001b[39m","time":"2016-02-07T15:29:25.005Z","v":0}
{"name":"hexo","hostname":"starsky-ThinkPad-E531","pid":4764,"level":20,"msg":"Added: \u001b[35mthemes/paperbox/source/fancybox/jquery.fancybox.js\u001b[39m","time":"2016-02-07T15:29:25.005Z","v":0}
{"name":"hexo","hostname":"starsky-ThinkPad-E531","pid":4764,"level":20,"msg":"Added: \u001b[35mthemes/paperbox/source/fancybox/jquery.fancybox.pack.js\u001b[39m","time":"2016-02-07T15:29:25.005Z","v":0}
{"name":"hexo","hostname":"starsky-ThinkPad-E531","pid":4764,"level":20,"msg":"Added: \u001b[35mthemes/paperbox/source/img/black.png\u001b[39m","time":"2016-02-07T15:29:25.005Z","v":0}
{"name":"hexo","hostname":"starsky-ThinkPad-E531","pid":4764,"level":20,"msg":"Added: \u001b[35mthemes/paperbox/source/img/white.png\u001b[39m","time":"2016-02-07T15:29:25.006Z","v":0}
{"name":"hexo","hostname":"starsky-ThinkPad-E531","pid":4764,"level":20,"msg":"Added: \u001b[35mthemes/paperbox/source/js/script.js\u001b[39m","time":"2016-02-07T15:29:25.006Z","v":0}
{"name":"hexo","hostname":"starsky-ThinkPad-E531","pid":4764,"level":20,"msg":"Processed: \u001b[35m404.html\u001b[39m","time":"2016-02-07T15:29:25.028Z","v":0}
{"name":"hexo","hostname":"starsky-ThinkPad-E531","pid":4764,"level":20,"msg":"Processed: \u001b[35mfavicon.png\u001b[39m","time":"2016-02-07T15:29:25.029Z","v":0}
{"name":"hexo","hostname":"starsky-ThinkPad-E531","pid":4764,"level":20,"msg":"Processed: \u001b[35mdebug.log\u001b[39m","time":"2016-02-07T15:29:25.029Z","v":0}
{"name":"hexo","hostname":"starsky-ThinkPad-E531","pid":4764,"level":20,"msg":"Added: \u001b[35mthemes/paperbox/source/css/images/banner.jpg\u001b[39m","time":"2016-02-07T15:29:25.030Z","v":0}
{"name":"hexo","hostname":"starsky-ThinkPad-E531","pid":4764,"level":20,"msg":"Processed: \u001b[35msource/js/script.js\u001b[39m","time":"2016-02-07T15:29:25.032Z","v":0}
{"name":"hexo","hostname":"starsky-ThinkPad-E531","pid":4764,"level":20,"msg":"Processed: \u001b[35msource/img/white.png\u001b[39m","time":"2016-02-07T15:29:25.032Z","v":0}
{"name":"hexo","hostname":"starsky-ThinkPad-E531","pid":4764,"level":20,"msg":"Processed: \u001b[35msource/img/black.png\u001b[39m","time":"2016-02-07T15:29:25.033Z","v":0}
{"name":"hexo","hostname":"starsky-ThinkPad-E531","pid":4764,"level":20,"msg":"Processed: \u001b[35msource/fancybox/jquery.fancybox.pack.js\u001b[39m","time":"2016-02-07T15:29:25.033Z","v":0}
{"name":"hexo","hostname":"starsky-ThinkPad-E531","pid":4764,"level":20,"msg":"Processed: \u001b[35msource/fancybox/jquery.fancybox.js\u001b[39m","time":"2016-02-07T15:29:25.034Z","v":0}
{"name":"hexo","hostname":"starsky-ThinkPad-E531","pid":4764,"level":20,"msg":"Processed: \u001b[35msource/fancybox/jquery.fancybox.css\u001b[39m","time":"2016-02-07T15:29:25.034Z","v":0}
{"name":"hexo","hostname":"starsky-ThinkPad-E531","pid":4764,"level":20,"msg":"Processed: \u001b[35msource/fancybox/helpers/jquery.fancybox-thumbs.js\u001b[39m","time":"2016-02-07T15:29:25.035Z","v":0}
{"name":"hexo","hostname":"starsky-ThinkPad-E531","pid":4764,"level":20,"msg":"Processed: \u001b[35msource/fancybox/helpers/jquery.fancybox-thumbs.css\u001b[39m","time":"2016-02-07T15:29:25.037Z","v":0}
{"name":"hexo","hostname":"starsky-ThinkPad-E531","pid":4764,"level":20,"msg":"Processed: \u001b[35msource/fancybox/helpers/jquery.fancybox-media.js\u001b[39m","time":"2016-02-07T15:29:25.038Z","v":0}
{"name":"hexo","hostname":"starsky-ThinkPad-E531","pid":4764,"level":20,"msg":"Processed: \u001b[35msource/fancybox/helpers/jquery.fancybox-buttons.js\u001b[39m","time":"2016-02-07T15:29:25.039Z","v":0}
{"name":"hexo","hostname":"starsky-ThinkPad-E531","pid":4764,"level":20,"msg":"Processed: \u001b[35msource/fancybox/helpers/jquery.fancybox-buttons.css\u001b[39m","time":"2016-02-07T15:29:25.040Z","v":0}
{"name":"hexo","hostname":"starsky-ThinkPad-E531","pid":4764,"level":20,"msg":"Processed: \u001b[35msource/fancybox/helpers/fancybox_buttons.png\u001b[39m","time":"2016-02-07T15:29:25.043Z","v":0}
{"name":"hexo","hostname":"starsky-ThinkPad-E531","pid":4764,"level":20,"msg":"Processed: \u001b[35msource/fancybox/fancybox_sprite@2x.png\u001b[39m","time":"2016-02-07T15:29:25.043Z","v":0}
{"name":"hexo","hostname":"starsky-ThinkPad-E531","pid":4764,"level":20,"msg":"Processed: \u001b[35msource/fancybox/fancybox_sprite.png\u001b[39m","time":"2016-02-07T15:29:25.045Z","v":0}
{"name":"hexo","hostname":"starsky-ThinkPad-E531","pid":4764,"level":20,"msg":"Processed: \u001b[35msource/fancybox/fancybox_overlay.png\u001b[39m","time":"2016-02-07T15:29:25.045Z","v":0}
{"name":"hexo","hostname":"starsky-ThinkPad-E531","pid":4764,"level":20,"msg":"Processed: \u001b[35msource/fancybox/fancybox_loading@2x.gif\u001b[39m","time":"2016-02-07T15:29:25.045Z","v":0}
{"name":"hexo","hostname":"starsky-ThinkPad-E531","pid":4764,"level":20,"msg":"Processed: \u001b[35msource/fancybox/fancybox_loading.gif\u001b[39m","time":"2016-02-07T15:29:25.046Z","v":0}
{"name":"hexo","hostname":"starsky-ThinkPad-E531","pid":4764,"level":20,"msg":"Processed: \u001b[35msource/fancybox/blank.gif\u001b[39m","time":"2016-02-07T15:29:25.047Z","v":0}
{"name":"hexo","hostname":"starsky-ThinkPad-E531","pid":4764,"level":20,"msg":"Processed: \u001b[35msource/css/style.styl\u001b[39m","time":"2016-02-07T15:29:25.047Z","v":0}
{"name":"hexo","hostname":"starsky-ThinkPad-E531","pid":4764,"level":20,"msg":"Processed: \u001b[35msource/css/images/banner.jpg\u001b[39m","time":"2016-02-07T15:29:25.047Z","v":0}
{"name":"hexo","hostname":"starsky-ThinkPad-E531","pid":4764,"level":20,"msg":"Processed: \u001b[35mabout/index.md\u001b[39m","time":"2016-02-07T15:29:25.053Z","v":0}
{"name":"hexo","hostname":"starsky-ThinkPad-E531","pid":4764,"level":20,"msg":"Processed: \u001b[35mlayout/tag.ejs\u001b[39m","time":"2016-02-07T15:29:25.060Z","v":0}
{"name":"hexo","hostname":"starsky-ThinkPad-E531","pid":4764,"level":20,"msg":"Processed: \u001b[35m_posts/西电技物论坛.md\u001b[39m","time":"2016-02-07T15:29:25.063Z","v":0}
{"name":"hexo","hostname":"starsky-ThinkPad-E531","pid":4764,"level":20,"msg":"Processed: \u001b[35mlayout/post.ejs\u001b[39m","time":"2016-02-07T15:29:25.064Z","v":0}
{"name":"hexo","hostname":"starsky-ThinkPad-E531","pid":4764,"level":20,"msg":"Processed: \u001b[35m_posts/一个Quick-and-Dirty的记事本程序.md\u001b[39m","time":"2016-02-07T15:29:25.067Z","v":0}
{"name":"hexo","hostname":"starsky-ThinkPad-E531","pid":4764,"level":20,"msg":"Processed: \u001b[35mlayout/page.ejs\u001b[39m","time":"2016-02-07T15:29:25.072Z","v":0}
{"name":"hexo","hostname":"starsky-ThinkPad-E531","pid":4764,"level":20,"msg":"Processed: \u001b[35m_posts/[译]人脸检测与人脸识别简介.md\u001b[39m","time":"2016-02-07T15:29:25.075Z","v":0}
{"name":"hexo","hostname":"starsky-ThinkPad-E531","pid":4764,"level":20,"msg":"Processed: \u001b[35mlayout/layout.ejs\u001b[39m","time":"2016-02-07T15:29:25.076Z","v":0}
{"name":"hexo","hostname":"starsky-ThinkPad-E531","pid":4764,"level":20,"msg":"Processed: \u001b[35m_posts/[译]OpenCV的基础光学字符识别.md\u001b[39m","time":"2016-02-07T15:29:25.079Z","v":0}
{"name":"hexo","hostname":"starsky-ThinkPad-E531","pid":4764,"level":20,"msg":"Processed: \u001b[35mlayout/index.ejs\u001b[39m","time":"2016-02-07T15:29:25.080Z","v":0}
{"name":"hexo","hostname":"starsky-ThinkPad-E531","pid":4764,"level":20,"msg":"Processed: \u001b[35m_posts/WTFRobot-Rosmin.md\u001b[39m","time":"2016-02-07T15:29:25.083Z","v":0}
{"name":"hexo","hostname":"starsky-ThinkPad-E531","pid":4764,"level":20,"msg":"Processed: \u001b[35mlayout/category.ejs\u001b[39m","time":"2016-02-07T15:29:25.084Z","v":0}
{"name":"hexo","hostname":"starsky-ThinkPad-E531","pid":4764,"level":20,"msg":"Processed: \u001b[35m_posts/Ubuntu12.04美化配置笔记.md\u001b[39m","time":"2016-02-07T15:29:25.087Z","v":0}
{"name":"hexo","hostname":"starsky-ThinkPad-E531","pid":4764,"level":20,"msg":"Processed: \u001b[35mlayout/archive.ejs\u001b[39m","time":"2016-02-07T15:29:25.088Z","v":0}
{"name":"hexo","hostname":"starsky-ThinkPad-E531","pid":4764,"level":20,"msg":"Processed: \u001b[35m_posts/Tiny6410的OpenCV2.4.2移植笔记.md\u001b[39m","time":"2016-02-07T15:29:25.091Z","v":0}
{"name":"hexo","hostname":"starsky-ThinkPad-E531","pid":4764,"level":20,"msg":"Processed: \u001b[35mlayout/_widget/tagcloud.ejs\u001b[39m","time":"2016-02-07T15:29:25.095Z","v":0}
{"name":"hexo","hostname":"starsky-ThinkPad-E531","pid":4764,"level":20,"msg":"Processed: \u001b[35m_posts/TL-WR703n挂载USB摄像头.md\u001b[39m","time":"2016-02-07T15:29:25.097Z","v":0}
{"name":"hexo","hostname":"starsky-ThinkPad-E531","pid":4764,"level":20,"msg":"Processed: \u001b[35mlayout/_widget/tag.ejs\u001b[39m","time":"2016-02-07T15:29:25.100Z","v":0}
{"name":"hexo","hostname":"starsky-ThinkPad-E531","pid":4764,"level":20,"msg":"Processed: \u001b[35m_posts/Rosmin与Rossum.md\u001b[39m","time":"2016-02-07T15:29:25.101Z","v":0}
{"name":"hexo","hostname":"starsky-ThinkPad-E531","pid":4764,"level":20,"msg":"Processed: \u001b[35mlayout/_widget/recent_posts.ejs\u001b[39m","time":"2016-02-07T15:29:25.102Z","v":0}
{"name":"hexo","hostname":"starsky-ThinkPad-E531","pid":4764,"level":20,"msg":"Processed: \u001b[35m_posts/ROS-on-ARM--RK3066上本地编译ROS Groovy.md\u001b[39m","time":"2016-02-07T15:29:25.107Z","v":0}
{"name":"hexo","hostname":"starsky-ThinkPad-E531","pid":4764,"level":20,"msg":"Processed: \u001b[35mlayout/_widget/links.ejs\u001b[39m","time":"2016-02-07T15:29:25.108Z","v":0}
{"name":"hexo","hostname":"starsky-ThinkPad-E531","pid":4764,"level":20,"msg":"Processed: \u001b[35m_posts/ROS-on-ARM--Picuntu 安装配置.md\u001b[39m","time":"2016-02-07T15:29:25.112Z","v":0}
{"name":"hexo","hostname":"starsky-ThinkPad-E531","pid":4764,"level":20,"msg":"Processed: \u001b[35mlayout/_widget/category.ejs\u001b[39m","time":"2016-02-07T15:29:25.113Z","v":0}
{"name":"hexo","hostname":"starsky-ThinkPad-E531","pid":4764,"level":20,"msg":"Processed: \u001b[35m_posts/ROS-on-ARM--Linux For RK3066 Mini PC简介.md\u001b[39m","time":"2016-02-07T15:29:25.119Z","v":0}
{"name":"hexo","hostname":"starsky-ThinkPad-E531","pid":4764,"level":20,"msg":"Processed: \u001b[35mlayout/_widget/archive.ejs\u001b[39m","time":"2016-02-07T15:29:25.120Z","v":0}
{"name":"hexo","hostname":"starsky-ThinkPad-E531","pid":4764,"level":20,"msg":"Processed: \u001b[35m_posts/Hexo主题Paperbox.md\u001b[39m","time":"2016-02-07T15:29:25.124Z","v":0}
{"name":"hexo","hostname":"starsky-ThinkPad-E531","pid":4764,"level":20,"msg":"Processed: \u001b[35mlayout/_partial/totop.ejs\u001b[39m","time":"2016-02-07T15:29:25.124Z","v":0}
{"name":"hexo","hostname":"starsky-ThinkPad-E531","pid":4764,"level":20,"msg":"Processed: \u001b[35m_posts/Hello-World.md\u001b[39m","time":"2016-02-07T15:29:25.126Z","v":0}
{"name":"hexo","hostname":"starsky-ThinkPad-E531","pid":4764,"level":20,"msg":"Processed: \u001b[35mCNAME\u001b[39m","time":"2016-02-07T15:29:25.127Z","v":0}
{"name":"hexo","hostname":"starsky-ThinkPad-E531","pid":4764,"level":20,"msg":"Processed: \u001b[35mlayout/_partial/swiftype.ejs\u001b[39m","time":"2016-02-07T15:29:25.131Z","v":0}
{"name":"hexo","hostname":"starsky-ThinkPad-E531","pid":4764,"level":20,"msg":"Processed: \u001b[35mlayout/_partial/sidebar.ejs\u001b[39m","time":"2016-02-07T15:29:25.149Z","v":0}
{"name":"hexo","hostname":"starsky-ThinkPad-E531","pid":4764,"level":20,"msg":"Processed: \u001b[35mlayout/_partial/post/title.ejs\u001b[39m","time":"2016-02-07T15:29:25.150Z","v":0}
{"name":"hexo","hostname":"starsky-ThinkPad-E531","pid":4764,"level":20,"msg":"Processed: \u001b[35mlayout/_partial/post/tag.ejs\u001b[39m","time":"2016-02-07T15:29:25.151Z","v":0}
{"name":"hexo","hostname":"starsky-ThinkPad-E531","pid":4764,"level":20,"msg":"Processed: \u001b[35mlayout/_partial/post/nav.ejs\u001b[39m","time":"2016-02-07T15:29:25.158Z","v":0}
{"name":"hexo","hostname":"starsky-ThinkPad-E531","pid":4764,"level":20,"msg":"Processed: \u001b[35mlayout/_partial/post/gallery.ejs\u001b[39m","time":"2016-02-07T15:29:25.160Z","v":0}
{"name":"hexo","hostname":"starsky-ThinkPad-E531","pid":4764,"level":20,"msg":"Processed: \u001b[35mlayout/_partial/post/date.ejs\u001b[39m","time":"2016-02-07T15:29:25.163Z","v":0}
{"name":"hexo","hostname":"starsky-ThinkPad-E531","pid":4764,"level":20,"msg":"Processed: \u001b[35mlayout/_partial/post/category.ejs\u001b[39m","time":"2016-02-07T15:29:25.166Z","v":0}
{"name":"hexo","hostname":"starsky-ThinkPad-E531","pid":4764,"level":20,"msg":"Processed: \u001b[35mlayout/_partial/mobile-nav.ejs\u001b[39m","time":"2016-02-07T15:29:25.180Z","v":0}
{"name":"hexo","hostname":"starsky-ThinkPad-E531","pid":4764,"level":20,"msg":"Processed: \u001b[35mlayout/_partial/header.ejs\u001b[39m","time":"2016-02-07T15:29:25.182Z","v":0}
{"name":"hexo","hostname":"starsky-ThinkPad-E531","pid":4764,"level":20,"msg":"Processed: \u001b[35mlayout/_partial/head.ejs\u001b[39m","time":"2016-02-07T15:29:25.183Z","v":0}
{"name":"hexo","hostname":"starsky-ThinkPad-E531","pid":4764,"level":20,"msg":"Processed: \u001b[35mlayout/_partial/google-analytics.ejs\u001b[39m","time":"2016-02-07T15:29:25.184Z","v":0}
{"name":"hexo","hostname":"starsky-ThinkPad-E531","pid":4764,"level":20,"msg":"Processed: \u001b[35mlayout/_partial/footer.ejs\u001b[39m","time":"2016-02-07T15:29:25.187Z","v":0}
{"name":"hexo","hostname":"starsky-ThinkPad-E531","pid":4764,"level":20,"msg":"Processed: \u001b[35mlayout/_partial/article.ejs\u001b[39m","time":"2016-02-07T15:29:25.188Z","v":0}
{"name":"hexo","hostname":"starsky-ThinkPad-E531","pid":4764,"level":20,"msg":"Processed: \u001b[35mlayout/_partial/archive.ejs\u001b[39m","time":"2016-02-07T15:29:25.188Z","v":0}
{"name":"hexo","hostname":"starsky-ThinkPad-E531","pid":4764,"level":20,"msg":"Processed: \u001b[35mlayout/_partial/archive-post.ejs\u001b[39m","time":"2016-02-07T15:29:25.189Z","v":0}
{"name":"hexo","hostname":"starsky-ThinkPad-E531","pid":4764,"level":20,"msg":"Processed: \u001b[35mlayout/_partial/after-footer.ejs\u001b[39m","time":"2016-02-07T15:29:25.190Z","v":0}
{"name":"hexo","hostname":"starsky-ThinkPad-E531","pid":4764,"level":20,"msg":"Processed: \u001b[35mlanguages/zh-TW.yml\u001b[39m","time":"2016-02-07T15:29:25.193Z","v":0}
{"name":"hexo","hostname":"starsky-ThinkPad-E531","pid":4764,"level":20,"msg":"Processed: \u001b[35mlanguages/zh-CN.yml\u001b[39m","time":"2016-02-07T15:29:25.194Z","v":0}
{"name":"hexo","hostname":"starsky-ThinkPad-E531","pid":4764,"level":20,"msg":"Processed: \u001b[35mlanguages/default.yml\u001b[39m","time":"2016-02-07T15:29:25.197Z","v":0}
{"name":"hexo","hostname":"starsky-ThinkPad-E531","pid":4764,"level":20,"msg":"Theme config loaded.","time":"2016-02-07T15:29:25.200Z","v":0}
{"name":"hexo","hostname":"starsky-ThinkPad-E531","pid":4764,"level":20,"msg":"Processed: \u001b[35m_config.yml\u001b[39m","time":"2016-02-07T15:29:25.200Z","v":0}
{"name":"hexo","hostname":"starsky-ThinkPad-E531","pid":4764,"level":20,"msg":"Generator: \u001b[35mpage\u001b[39m","time":"2016-02-07T15:29:26.456Z","v":0}
{"name":"hexo","hostname":"starsky-ThinkPad-E531","pid":4764,"level":20,"msg":"Generator: \u001b[35mpost\u001b[39m","time":"2016-02-07T15:29:26.456Z","v":0}
{"name":"hexo","hostname":"starsky-ThinkPad-E531","pid":4764,"level":20,"msg":"Generator: \u001b[35marchive\u001b[39m","time":"2016-02-07T15:29:26.456Z","v":0}
{"name":"hexo","hostname":"starsky-ThinkPad-E531","pid":4764,"level":20,"msg":"Generator: \u001b[35mcategory\u001b[39m","time":"2016-02-07T15:29:26.457Z","v":0}
{"name":"hexo","hostname":"starsky-ThinkPad-E531","pid":4764,"level":20,"msg":"Generator: \u001b[35mfeed\u001b[39m","time":"2016-02-07T15:29:26.457Z","v":0}
{"name":"hexo","hostname":"starsky-ThinkPad-E531","pid":4764,"level":20,"msg":"Generator: \u001b[35mindex\u001b[39m","time":"2016-02-07T15:29:26.457Z","v":0}
{"name":"hexo","hostname":"starsky-ThinkPad-E531","pid":4764,"level":20,"msg":"Generator: \u001b[35msitemap\u001b[39m","time":"2016-02-07T15:29:26.457Z","v":0}
{"name":"hexo","hostname":"starsky-ThinkPad-E531","pid":4764,"level":20,"msg":"Generator: \u001b[35mtag\u001b[39m","time":"2016-02-07T15:29:26.457Z","v":0}
{"name":"hexo","hostname":"starsky-ThinkPad-E531","pid":4764,"level":20,"msg":"Generator: \u001b[35masset\u001b[39m","time":"2016-02-07T15:29:26.459Z","v":0}
{"name":"hexo","hostname":"starsky-ThinkPad-E531","pid":4764,"level":50,"msg":"\u001b[31mCan't make link fail!\u001b[39m","time":"2016-02-07T15:29:26.481Z","v":0}
{"name":"hexo","hostname":"starsky-ThinkPad-E531","pid":4764,"level":40,"msg":"\u001b[31mMaybe do not have permission.\u001b[39m","time":"2016-02-07T15:29:26.481Z","v":0}
{"name":"hexo","hostname":"starsky-ThinkPad-E531","pid":4764,"level":30,"msg":"Hexo is running at \u001b[4mhttp://0.0.0.0:4000/\u001b[24m. Press Ctrl+C to stop.","time":"2016-02-07T15:29:26.483Z","v":0}
{"name":"hexo","hostname":"starsky-ThinkPad-E531","pid":4764,"level":40,"msg":"\u001b[31mDir exists,can't symlink:\u001b[39m/home/starsky/Lab/Hexo/11zHexo/source/static","time":"2016-02-07T15:29:26.484Z","v":0}
{"name":"hexo","hostname":"starsky-ThinkPad-E531","pid":4764,"level":20,"msg":"Updated: \u001b[35msource/debug.log\u001b[39m","time":"2016-02-07T15:29:26.485Z","v":0}
{"name":"hexo","hostname":"starsky-ThinkPad-E531","pid":4764,"level":20,"msg":"Database saved","time":"2016-02-07T15:29:26.503Z","v":0}
{"name":"hexo","hostname":"starsky-ThinkPad-E531","pid":4764,"level":20,"msg":"Processed: \u001b[35mdebug.log\u001b[39m","time":"2016-02-07T15:29:26.586Z","v":0}
{"name":"hexo","hostname":"starsky-ThinkPad-E531","pid":4764,"level":20,"msg":"Generator: \u001b[35mpage\u001b[39m","time":"2016-02-07T15:29:27.168Z","v":0}
{"name":"hexo","hostname":"starsky-ThinkPad-E531","pid":4764,"level":20,"msg":"Generator: \u001b[35mpost\u001b[39m","time":"2016-02-07T15:29:27.168Z","v":0}
{"name":"hexo","hostname":"starsky-ThinkPad-E531","pid":4764,"level":20,"msg":"Generator: \u001b[35marchive\u001b[39m","time":"2016-02-07T15:29:27.169Z","v":0}
{"name":"hexo","hostname":"starsky-ThinkPad-E531","pid":4764,"level":20,"msg":"Generator: \u001b[35mcategory\u001b[39m","time":"2016-02-07T15:29:27.169Z","v":0}
{"name":"hexo","hostname":"starsky-ThinkPad-E531","pid":4764,"level":20,"msg":"Generator: \u001b[35mfeed\u001b[39m","time":"2016-02-07T15:29:27.169Z","v":0}
{"name":"hexo","hostname":"starsky-ThinkPad-E531","pid":4764,"level":20,"msg":"Generator: \u001b[35mindex\u001b[39m","time":"2016-02-07T15:29:27.169Z","v":0}
{"name":"hexo","hostname":"starsky-ThinkPad-E531","pid":4764,"level":20,"msg":"Generator: \u001b[35msitemap\u001b[39m","time":"2016-02-07T15:29:27.169Z","v":0}
{"name":"hexo","hostname":"starsky-ThinkPad-E531","pid":4764,"level":20,"msg":"Generator: \u001b[35mtag\u001b[39m","time":"2016-02-07T15:29:27.172Z","v":0}
{"name":"hexo","hostname":"starsky-ThinkPad-E531","pid":4764,"level":20,"msg":"Generator: \u001b[35masset\u001b[39m","time":"2016-02-07T15:29:27.174Z","v":0}
{"name":"hexo","hostname":"starsky-ThinkPad-E531","pid":4809,"level":20,"msg":"Hexo version: \u001b[35m3.1.1\u001b[39m","time":"2016-02-07T15:30:16.628Z","v":0}
{"name":"hexo","hostname":"starsky-ThinkPad-E531","pid":4809,"level":20,"msg":"Working directory: \u001b[35m~/Lab/Hexo/11zHexo/\u001b[39m","time":"2016-02-07T15:30:16.634Z","v":0}
{"name":"hexo","hostname":"starsky-ThinkPad-E531","pid":4809,"level":20,"msg":"Config loaded: \u001b[35m~/Lab/Hexo/11zHexo/_config.yml\u001b[39m","time":"2016-02-07T15:30:16.710Z","v":0}
{"name":"hexo","hostname":"starsky-ThinkPad-E531","pid":4809,"level":20,"msg":"Script loaded: \u001b[35mthemes/paperbox/scripts/fancybox.js\u001b[39m","time":"2016-02-07T15:30:16.722Z","v":0}
{"name":"hexo","hostname":"starsky-ThinkPad-E531","pid":4809,"level":20,"msg":"Plugin loaded: \u001b[35mhexo-generator-feed\u001b[39m","time":"2016-02-07T15:30:16.759Z","v":0}
{"name":"hexo","hostname":"starsky-ThinkPad-E531","pid":4809,"level":20,"msg":"Plugin loaded: \u001b[35mhexo-generator-index\u001b[39m","time":"2016-02-07T15:30:16.761Z","v":0}
{"name":"hexo","hostname":"starsky-ThinkPad-E531","pid":4809,"level":20,"msg":"Plugin loaded: \u001b[35mhexo-generator-sitemap\u001b[39m","time":"2016-02-07T15:30:16.765Z","v":0}
{"name":"hexo","hostname":"starsky-ThinkPad-E531","pid":4809,"level":20,"msg":"Plugin loaded: \u001b[35mhexo-generator-tag\u001b[39m","time":"2016-02-07T15:30:16.767Z","v":0}
{"name":"hexo","hostname":"starsky-ThinkPad-E531","pid":4809,"level":20,"msg":"Plugin loaded: \u001b[35mhexo-math\u001b[39m","time":"2016-02-07T15:30:16.901Z","v":0}
{"name":"hexo","hostname":"starsky-ThinkPad-E531","pid":4809,"level":30,"msg":"-----------------------------------------------------------","time":"2016-02-07T15:30:16.973Z","v":0}
{"name":"hexo","hostname":"starsky-ThinkPad-E531","pid":4809,"level":30,"msg":"\u001b[33mqiniu state: \u001b[39moffline","time":"2016-02-07T15:30:16.973Z","v":0}
{"name":"hexo","hostname":"starsky-ThinkPad-E531","pid":4809,"level":30,"msg":"\u001b[33mqiniu sync:  \u001b[39mfalse","time":"2016-02-07T15:30:16.974Z","v":0}
{"name":"hexo","hostname":"starsky-ThinkPad-E531","pid":4809,"level":30,"msg":"\u001b[33mqiniu local dir:  \u001b[39mstatic","time":"2016-02-07T15:30:16.974Z","v":0}
{"name":"hexo","hostname":"starsky-ThinkPad-E531","pid":4809,"level":30,"msg":"\u001b[33mqiniu url:   \u001b[39m/static","time":"2016-02-07T15:30:16.974Z","v":0}
{"name":"hexo","hostname":"starsky-ThinkPad-E531","pid":4809,"level":30,"msg":"-----------------------------------------------------------","time":"2016-02-07T15:30:16.974Z","v":0}
{"name":"hexo","hostname":"starsky-ThinkPad-E531","pid":4809,"level":40,"msg":"qiniu sync is offline mode","time":"2016-02-07T15:30:17.096Z","v":0}
{"name":"hexo","hostname":"starsky-ThinkPad-E531","pid":4809,"level":20,"msg":"Plugin loaded: \u001b[35mhexo-qiniu-sync\u001b[39m","time":"2016-02-07T15:30:17.098Z","v":0}
{"name":"hexo","hostname":"starsky-ThinkPad-E531","pid":4809,"level":20,"msg":"Plugin loaded: \u001b[35mhexo-renderer-ejs\u001b[39m","time":"2016-02-07T15:30:17.101Z","v":0}
{"name":"hexo","hostname":"starsky-ThinkPad-E531","pid":4809,"level":20,"msg":"Plugin loaded: \u001b[35mhexo-generator-category\u001b[39m","time":"2016-02-07T15:30:17.103Z","v":0}
{"name":"hexo","hostname":"starsky-ThinkPad-E531","pid":4809,"level":20,"msg":"Plugin loaded: \u001b[35mhexo-renderer-marked\u001b[39m","time":"2016-02-07T15:30:17.168Z","v":0}
{"name":"hexo","hostname":"starsky-ThinkPad-E531","pid":4809,"level":20,"msg":"Plugin loaded: \u001b[35mhexo-renderer-stylus\u001b[39m","time":"2016-02-07T15:30:17.292Z","v":0}
{"name":"hexo","hostname":"starsky-ThinkPad-E531","pid":4809,"level":20,"msg":"Plugin loaded: \u001b[35mhexo-server\u001b[39m","time":"2016-02-07T15:30:17.387Z","v":0}
{"name":"hexo","hostname":"starsky-ThinkPad-E531","pid":4809,"level":20,"msg":"Plugin loaded: \u001b[35mhexo-generator-archive\u001b[39m","time":"2016-02-07T15:30:17.390Z","v":0}
{"name":"hexo","hostname":"starsky-ThinkPad-E531","pid":4809,"level":20,"msg":"Loading database.","time":"2016-02-07T15:30:17.402Z","v":0}
{"name":"hexo","hostname":"starsky-ThinkPad-E531","pid":4809,"level":20,"msg":"Unchanged: \u001b[35msource/404.html\u001b[39m","time":"2016-02-07T15:30:17.569Z","v":0}
{"name":"hexo","hostname":"starsky-ThinkPad-E531","pid":4809,"level":20,"msg":"Unchanged: \u001b[35msource/CNAME\u001b[39m","time":"2016-02-07T15:30:17.570Z","v":0}
{"name":"hexo","hostname":"starsky-ThinkPad-E531","pid":4809,"level":20,"msg":"Unchanged: \u001b[35msource/_posts/Hello-World.md\u001b[39m","time":"2016-02-07T15:30:17.570Z","v":0}
{"name":"hexo","hostname":"starsky-ThinkPad-E531","pid":4809,"level":20,"msg":"Unchanged: \u001b[35msource/_posts/Hexo主题Paperbox.md\u001b[39m","time":"2016-02-07T15:30:17.570Z","v":0}
{"name":"hexo","hostname":"starsky-ThinkPad-E531","pid":4809,"level":20,"msg":"Unchanged: \u001b[35msource/_posts/ROS-on-ARM--Linux For RK3066 Mini PC简介.md\u001b[39m","time":"2016-02-07T15:30:17.570Z","v":0}
{"name":"hexo","hostname":"starsky-ThinkPad-E531","pid":4809,"level":20,"msg":"Unchanged: \u001b[35msource/_posts/ROS-on-ARM--Picuntu 安装配置.md\u001b[39m","time":"2016-02-07T15:30:17.570Z","v":0}
{"name":"hexo","hostname":"starsky-ThinkPad-E531","pid":4809,"level":20,"msg":"Unchanged: \u001b[35msource/_posts/ROS-on-ARM--RK3066上本地编译ROS Groovy.md\u001b[39m","time":"2016-02-07T15:30:17.571Z","v":0}
{"name":"hexo","hostname":"starsky-ThinkPad-E531","pid":4809,"level":20,"msg":"Unchanged: \u001b[35msource/_posts/Rosmin与Rossum.md\u001b[39m","time":"2016-02-07T15:30:17.571Z","v":0}
{"name":"hexo","hostname":"starsky-ThinkPad-E531","pid":4809,"level":20,"msg":"Unchanged: \u001b[35msource/_posts/TL-WR703n挂载USB摄像头.md\u001b[39m","time":"2016-02-07T15:30:17.571Z","v":0}
{"name":"hexo","hostname":"starsky-ThinkPad-E531","pid":4809,"level":20,"msg":"Unchanged: \u001b[35msource/_posts/Tiny6410的OpenCV2.4.2移植笔记.md\u001b[39m","time":"2016-02-07T15:30:17.572Z","v":0}
{"name":"hexo","hostname":"starsky-ThinkPad-E531","pid":4809,"level":20,"msg":"Unchanged: \u001b[35msource/_posts/Ubuntu12.04美化配置笔记.md\u001b[39m","time":"2016-02-07T15:30:17.573Z","v":0}
{"name":"hexo","hostname":"starsky-ThinkPad-E531","pid":4809,"level":20,"msg":"Unchanged: \u001b[35msource/_posts/WTFRobot-Rosmin.md\u001b[39m","time":"2016-02-07T15:30:17.573Z","v":0}
{"name":"hexo","hostname":"starsky-ThinkPad-E531","pid":4809,"level":20,"msg":"Unchanged: \u001b[35msource/_posts/[译]OpenCV的基础光学字符识别.md\u001b[39m","time":"2016-02-07T15:30:17.574Z","v":0}
{"name":"hexo","hostname":"starsky-ThinkPad-E531","pid":4809,"level":20,"msg":"Unchanged: \u001b[35msource/_posts/[译]人脸检测与人脸识别简介.md\u001b[39m","time":"2016-02-07T15:30:17.574Z","v":0}
{"name":"hexo","hostname":"starsky-ThinkPad-E531","pid":4809,"level":20,"msg":"Unchanged: \u001b[35msource/_posts/一个Quick-and-Dirty的记事本程序.md\u001b[39m","time":"2016-02-07T15:30:17.575Z","v":0}
{"name":"hexo","hostname":"starsky-ThinkPad-E531","pid":4809,"level":20,"msg":"Unchanged: \u001b[35msource/_posts/西电技物论坛.md\u001b[39m","time":"2016-02-07T15:30:17.575Z","v":0}
{"name":"hexo","hostname":"starsky-ThinkPad-E531","pid":4809,"level":20,"msg":"Unchanged: \u001b[35msource/about/index.md\u001b[39m","time":"2016-02-07T15:30:17.575Z","v":0}
{"name":"hexo","hostname":"starsky-ThinkPad-E531","pid":4809,"level":20,"msg":"Updated: \u001b[35msource/debug.log\u001b[39m","time":"2016-02-07T15:30:17.576Z","v":0}
{"name":"hexo","hostname":"starsky-ThinkPad-E531","pid":4809,"level":20,"msg":"Unchanged: \u001b[35msource/favicon.png\u001b[39m","time":"2016-02-07T15:30:17.577Z","v":0}
{"name":"hexo","hostname":"starsky-ThinkPad-E531","pid":4809,"level":20,"msg":"Processed: \u001b[35m404.html\u001b[39m","time":"2016-02-07T15:30:17.589Z","v":0}
{"name":"hexo","hostname":"starsky-ThinkPad-E531","pid":4809,"level":20,"msg":"Processed: \u001b[35mfavicon.png\u001b[39m","time":"2016-02-07T15:30:17.590Z","v":0}
{"name":"hexo","hostname":"starsky-ThinkPad-E531","pid":4809,"level":20,"msg":"Processed: \u001b[35mdebug.log\u001b[39m","time":"2016-02-07T15:30:17.591Z","v":0}
{"name":"hexo","hostname":"starsky-ThinkPad-E531","pid":4809,"level":20,"msg":"Processed: \u001b[35mabout/index.md\u001b[39m","time":"2016-02-07T15:30:17.592Z","v":0}
{"name":"hexo","hostname":"starsky-ThinkPad-E531","pid":4809,"level":20,"msg":"Processed: \u001b[35m_posts/西电技物论坛.md\u001b[39m","time":"2016-02-07T15:30:17.593Z","v":0}
{"name":"hexo","hostname":"starsky-ThinkPad-E531","pid":4809,"level":20,"msg":"Processed: \u001b[35m_posts/一个Quick-and-Dirty的记事本程序.md\u001b[39m","time":"2016-02-07T15:30:17.594Z","v":0}
{"name":"hexo","hostname":"starsky-ThinkPad-E531","pid":4809,"level":20,"msg":"Processed: \u001b[35m_posts/[译]人脸检测与人脸识别简介.md\u001b[39m","time":"2016-02-07T15:30:17.595Z","v":0}
{"name":"hexo","hostname":"starsky-ThinkPad-E531","pid":4809,"level":20,"msg":"Processed: \u001b[35m_posts/[译]OpenCV的基础光学字符识别.md\u001b[39m","time":"2016-02-07T15:30:17.598Z","v":0}
{"name":"hexo","hostname":"starsky-ThinkPad-E531","pid":4809,"level":20,"msg":"Processed: \u001b[35m_posts/WTFRobot-Rosmin.md\u001b[39m","time":"2016-02-07T15:30:17.600Z","v":0}
{"name":"hexo","hostname":"starsky-ThinkPad-E531","pid":4809,"level":20,"msg":"Processed: \u001b[35m_posts/Ubuntu12.04美化配置笔记.md\u001b[39m","time":"2016-02-07T15:30:17.602Z","v":0}
{"name":"hexo","hostname":"starsky-ThinkPad-E531","pid":4809,"level":20,"msg":"Processed: \u001b[35m_posts/Tiny6410的OpenCV2.4.2移植笔记.md\u001b[39m","time":"2016-02-07T15:30:17.604Z","v":0}
{"name":"hexo","hostname":"starsky-ThinkPad-E531","pid":4809,"level":20,"msg":"Processed: \u001b[35m_posts/TL-WR703n挂载USB摄像头.md\u001b[39m","time":"2016-02-07T15:30:17.605Z","v":0}
{"name":"hexo","hostname":"starsky-ThinkPad-E531","pid":4809,"level":20,"msg":"Processed: \u001b[35m_posts/Rosmin与Rossum.md\u001b[39m","time":"2016-02-07T15:30:17.605Z","v":0}
{"name":"hexo","hostname":"starsky-ThinkPad-E531","pid":4809,"level":20,"msg":"Processed: \u001b[35m_posts/ROS-on-ARM--RK3066上本地编译ROS Groovy.md\u001b[39m","time":"2016-02-07T15:30:17.607Z","v":0}
{"name":"hexo","hostname":"starsky-ThinkPad-E531","pid":4809,"level":20,"msg":"Processed: \u001b[35m_posts/ROS-on-ARM--Picuntu 安装配置.md\u001b[39m","time":"2016-02-07T15:30:17.609Z","v":0}
{"name":"hexo","hostname":"starsky-ThinkPad-E531","pid":4809,"level":20,"msg":"Processed: \u001b[35m_posts/ROS-on-ARM--Linux For RK3066 Mini PC简介.md\u001b[39m","time":"2016-02-07T15:30:17.610Z","v":0}
{"name":"hexo","hostname":"starsky-ThinkPad-E531","pid":4809,"level":20,"msg":"Processed: \u001b[35m_posts/Hexo主题Paperbox.md\u001b[39m","time":"2016-02-07T15:30:17.611Z","v":0}
{"name":"hexo","hostname":"starsky-ThinkPad-E531","pid":4809,"level":20,"msg":"Processed: \u001b[35m_posts/Hello-World.md\u001b[39m","time":"2016-02-07T15:30:17.612Z","v":0}
{"name":"hexo","hostname":"starsky-ThinkPad-E531","pid":4809,"level":20,"msg":"Processed: \u001b[35mCNAME\u001b[39m","time":"2016-02-07T15:30:17.614Z","v":0}
{"name":"hexo","hostname":"starsky-ThinkPad-E531","pid":4809,"level":20,"msg":"Unchanged: \u001b[35mthemes/paperbox/Gruntfile.js\u001b[39m","time":"2016-02-07T15:30:17.638Z","v":0}
{"name":"hexo","hostname":"starsky-ThinkPad-E531","pid":4809,"level":20,"msg":"Unchanged: \u001b[35mthemes/paperbox/LICENSE\u001b[39m","time":"2016-02-07T15:30:17.638Z","v":0}
{"name":"hexo","hostname":"starsky-ThinkPad-E531","pid":4809,"level":20,"msg":"Unchanged: \u001b[35mthemes/paperbox/README.md\u001b[39m","time":"2016-02-07T15:30:17.639Z","v":0}
{"name":"hexo","hostname":"starsky-ThinkPad-E531","pid":4809,"level":20,"msg":"Unchanged: \u001b[35mthemes/paperbox/_config.yml\u001b[39m","time":"2016-02-07T15:30:17.639Z","v":0}
{"name":"hexo","hostname":"starsky-ThinkPad-E531","pid":4809,"level":20,"msg":"Unchanged: \u001b[35mthemes/paperbox/languages/default.yml\u001b[39m","time":"2016-02-07T15:30:17.639Z","v":0}
{"name":"hexo","hostname":"starsky-ThinkPad-E531","pid":4809,"level":20,"msg":"Unchanged: \u001b[35mthemes/paperbox/languages/zh-CN.yml\u001b[39m","time":"2016-02-07T15:30:17.640Z","v":0}
{"name":"hexo","hostname":"starsky-ThinkPad-E531","pid":4809,"level":20,"msg":"Unchanged: \u001b[35mthemes/paperbox/languages/zh-TW.yml\u001b[39m","time":"2016-02-07T15:30:17.642Z","v":0}
{"name":"hexo","hostname":"starsky-ThinkPad-E531","pid":4809,"level":20,"msg":"Unchanged: \u001b[35mthemes/paperbox/layout/_partial/after-footer.ejs\u001b[39m","time":"2016-02-07T15:30:17.642Z","v":0}
{"name":"hexo","hostname":"starsky-ThinkPad-E531","pid":4809,"level":20,"msg":"Unchanged: \u001b[35mthemes/paperbox/layout/_partial/archive-post.ejs\u001b[39m","time":"2016-02-07T15:30:17.643Z","v":0}
{"name":"hexo","hostname":"starsky-ThinkPad-E531","pid":4809,"level":20,"msg":"Unchanged: \u001b[35mthemes/paperbox/layout/_partial/archive.ejs\u001b[39m","time":"2016-02-07T15:30:17.643Z","v":0}
{"name":"hexo","hostname":"starsky-ThinkPad-E531","pid":4809,"level":20,"msg":"Unchanged: \u001b[35mthemes/paperbox/layout/_partial/article.ejs\u001b[39m","time":"2016-02-07T15:30:17.643Z","v":0}
{"name":"hexo","hostname":"starsky-ThinkPad-E531","pid":4809,"level":20,"msg":"Unchanged: \u001b[35mthemes/paperbox/layout/_partial/footer.ejs\u001b[39m","time":"2016-02-07T15:30:17.643Z","v":0}
{"name":"hexo","hostname":"starsky-ThinkPad-E531","pid":4809,"level":20,"msg":"Unchanged: \u001b[35mthemes/paperbox/layout/_partial/google-analytics.ejs\u001b[39m","time":"2016-02-07T15:30:17.643Z","v":0}
{"name":"hexo","hostname":"starsky-ThinkPad-E531","pid":4809,"level":20,"msg":"Unchanged: \u001b[35mthemes/paperbox/layout/_partial/head.ejs\u001b[39m","time":"2016-02-07T15:30:17.643Z","v":0}
{"name":"hexo","hostname":"starsky-ThinkPad-E531","pid":4809,"level":20,"msg":"Unchanged: \u001b[35mthemes/paperbox/layout/_partial/header.ejs\u001b[39m","time":"2016-02-07T15:30:17.643Z","v":0}
{"name":"hexo","hostname":"starsky-ThinkPad-E531","pid":4809,"level":20,"msg":"Unchanged: \u001b[35mthemes/paperbox/layout/_partial/mobile-nav.ejs\u001b[39m","time":"2016-02-07T15:30:17.644Z","v":0}
{"name":"hexo","hostname":"starsky-ThinkPad-E531","pid":4809,"level":20,"msg":"Unchanged: \u001b[35mthemes/paperbox/layout/_partial/post/category.ejs\u001b[39m","time":"2016-02-07T15:30:17.644Z","v":0}
{"name":"hexo","hostname":"starsky-ThinkPad-E531","pid":4809,"level":20,"msg":"Unchanged: \u001b[35mthemes/paperbox/layout/_partial/post/date.ejs\u001b[39m","time":"2016-02-07T15:30:17.644Z","v":0}
{"name":"hexo","hostname":"starsky-ThinkPad-E531","pid":4809,"level":20,"msg":"Unchanged: \u001b[35mthemes/paperbox/layout/_partial/post/gallery.ejs\u001b[39m","time":"2016-02-07T15:30:17.644Z","v":0}
{"name":"hexo","hostname":"starsky-ThinkPad-E531","pid":4809,"level":20,"msg":"Unchanged: \u001b[35mthemes/paperbox/layout/_partial/post/nav.ejs\u001b[39m","time":"2016-02-07T15:30:17.644Z","v":0}
{"name":"hexo","hostname":"starsky-ThinkPad-E531","pid":4809,"level":20,"msg":"Unchanged: \u001b[35mthemes/paperbox/layout/_partial/post/tag.ejs\u001b[39m","time":"2016-02-07T15:30:17.644Z","v":0}
{"name":"hexo","hostname":"starsky-ThinkPad-E531","pid":4809,"level":20,"msg":"Unchanged: \u001b[35mthemes/paperbox/layout/_partial/post/title.ejs\u001b[39m","time":"2016-02-07T15:30:17.645Z","v":0}
{"name":"hexo","hostname":"starsky-ThinkPad-E531","pid":4809,"level":20,"msg":"Unchanged: \u001b[35mthemes/paperbox/layout/_partial/sidebar.ejs\u001b[39m","time":"2016-02-07T15:30:17.646Z","v":0}
{"name":"hexo","hostname":"starsky-ThinkPad-E531","pid":4809,"level":20,"msg":"Unchanged: \u001b[35mthemes/paperbox/layout/_partial/swiftype.ejs\u001b[39m","time":"2016-02-07T15:30:17.646Z","v":0}
{"name":"hexo","hostname":"starsky-ThinkPad-E531","pid":4809,"level":20,"msg":"Unchanged: \u001b[35mthemes/paperbox/layout/_partial/totop.ejs\u001b[39m","time":"2016-02-07T15:30:17.646Z","v":0}
{"name":"hexo","hostname":"starsky-ThinkPad-E531","pid":4809,"level":20,"msg":"Unchanged: \u001b[35mthemes/paperbox/layout/_widget/archive.ejs\u001b[39m","time":"2016-02-07T15:30:17.646Z","v":0}
{"name":"hexo","hostname":"starsky-ThinkPad-E531","pid":4809,"level":20,"msg":"Unchanged: \u001b[35mthemes/paperbox/layout/_widget/category.ejs\u001b[39m","time":"2016-02-07T15:30:17.646Z","v":0}
{"name":"hexo","hostname":"starsky-ThinkPad-E531","pid":4809,"level":20,"msg":"Unchanged: \u001b[35mthemes/paperbox/layout/_widget/links.ejs\u001b[39m","time":"2016-02-07T15:30:17.646Z","v":0}
{"name":"hexo","hostname":"starsky-ThinkPad-E531","pid":4809,"level":20,"msg":"Unchanged: \u001b[35mthemes/paperbox/layout/_widget/recent_posts.ejs\u001b[39m","time":"2016-02-07T15:30:17.647Z","v":0}
{"name":"hexo","hostname":"starsky-ThinkPad-E531","pid":4809,"level":20,"msg":"Unchanged: \u001b[35mthemes/paperbox/layout/_widget/tag.ejs\u001b[39m","time":"2016-02-07T15:30:17.647Z","v":0}
{"name":"hexo","hostname":"starsky-ThinkPad-E531","pid":4809,"level":20,"msg":"Unchanged: \u001b[35mthemes/paperbox/layout/_widget/tagcloud.ejs\u001b[39m","time":"2016-02-07T15:30:17.647Z","v":0}
{"name":"hexo","hostname":"starsky-ThinkPad-E531","pid":4809,"level":20,"msg":"Unchanged: \u001b[35mthemes/paperbox/layout/archive.ejs\u001b[39m","time":"2016-02-07T15:30:17.647Z","v":0}
{"name":"hexo","hostname":"starsky-ThinkPad-E531","pid":4809,"level":20,"msg":"Unchanged: \u001b[35mthemes/paperbox/layout/category.ejs\u001b[39m","time":"2016-02-07T15:30:17.647Z","v":0}
{"name":"hexo","hostname":"starsky-ThinkPad-E531","pid":4809,"level":20,"msg":"Unchanged: \u001b[35mthemes/paperbox/layout/index.ejs\u001b[39m","time":"2016-02-07T15:30:17.648Z","v":0}
{"name":"hexo","hostname":"starsky-ThinkPad-E531","pid":4809,"level":20,"msg":"Unchanged: \u001b[35mthemes/paperbox/layout/layout.ejs\u001b[39m","time":"2016-02-07T15:30:17.648Z","v":0}
{"name":"hexo","hostname":"starsky-ThinkPad-E531","pid":4809,"level":20,"msg":"Unchanged: \u001b[35mthemes/paperbox/layout/page.ejs\u001b[39m","time":"2016-02-07T15:30:17.648Z","v":0}
{"name":"hexo","hostname":"starsky-ThinkPad-E531","pid":4809,"level":20,"msg":"Unchanged: \u001b[35mthemes/paperbox/layout/post.ejs\u001b[39m","time":"2016-02-07T15:30:17.649Z","v":0}
{"name":"hexo","hostname":"starsky-ThinkPad-E531","pid":4809,"level":20,"msg":"Unchanged: \u001b[35mthemes/paperbox/layout/tag.ejs\u001b[39m","time":"2016-02-07T15:30:17.649Z","v":0}
{"name":"hexo","hostname":"starsky-ThinkPad-E531","pid":4809,"level":20,"msg":"Unchanged: \u001b[35mthemes/paperbox/package.json\u001b[39m","time":"2016-02-07T15:30:17.649Z","v":0}
{"name":"hexo","hostname":"starsky-ThinkPad-E531","pid":4809,"level":20,"msg":"Unchanged: \u001b[35mthemes/paperbox/scripts/fancybox.js\u001b[39m","time":"2016-02-07T15:30:17.649Z","v":0}
{"name":"hexo","hostname":"starsky-ThinkPad-E531","pid":4809,"level":20,"msg":"Unchanged: \u001b[35mthemes/paperbox/source/css/_extend.styl\u001b[39m","time":"2016-02-07T15:30:17.649Z","v":0}
{"name":"hexo","hostname":"starsky-ThinkPad-E531","pid":4809,"level":20,"msg":"Unchanged: \u001b[35mthemes/paperbox/source/css/_partial/archive.styl\u001b[39m","time":"2016-02-07T15:30:17.650Z","v":0}
{"name":"hexo","hostname":"starsky-ThinkPad-E531","pid":4809,"level":20,"msg":"Unchanged: \u001b[35mthemes/paperbox/source/css/_partial/article.styl\u001b[39m","time":"2016-02-07T15:30:17.650Z","v":0}
{"name":"hexo","hostname":"starsky-ThinkPad-E531","pid":4809,"level":20,"msg":"Unchanged: \u001b[35mthemes/paperbox/source/css/_partial/comment.styl\u001b[39m","time":"2016-02-07T15:30:17.651Z","v":0}
{"name":"hexo","hostname":"starsky-ThinkPad-E531","pid":4809,"level":20,"msg":"Unchanged: \u001b[35mthemes/paperbox/source/css/_partial/footer.styl\u001b[39m","time":"2016-02-07T15:30:17.651Z","v":0}
{"name":"hexo","hostname":"starsky-ThinkPad-E531","pid":4809,"level":20,"msg":"Unchanged: \u001b[35mthemes/paperbox/source/css/_partial/header.styl\u001b[39m","time":"2016-02-07T15:30:17.651Z","v":0}
{"name":"hexo","hostname":"starsky-ThinkPad-E531","pid":4809,"level":20,"msg":"Unchanged: \u001b[35mthemes/paperbox/source/css/_partial/highlight.styl\u001b[39m","time":"2016-02-07T15:30:17.651Z","v":0}
{"name":"hexo","hostname":"starsky-ThinkPad-E531","pid":4809,"level":20,"msg":"Unchanged: \u001b[35mthemes/paperbox/source/css/_partial/mobile.styl\u001b[39m","time":"2016-02-07T15:30:17.652Z","v":0}
{"name":"hexo","hostname":"starsky-ThinkPad-E531","pid":4809,"level":20,"msg":"Unchanged: \u001b[35mthemes/paperbox/source/css/_partial/sidebar-aside.styl\u001b[39m","time":"2016-02-07T15:30:17.652Z","v":0}
{"name":"hexo","hostname":"starsky-ThinkPad-E531","pid":4809,"level":20,"msg":"Unchanged: \u001b[35mthemes/paperbox/source/css/_partial/sidebar-bottom.styl\u001b[39m","time":"2016-02-07T15:30:17.652Z","v":0}
{"name":"hexo","hostname":"starsky-ThinkPad-E531","pid":4809,"level":20,"msg":"Unchanged: \u001b[35mthemes/paperbox/source/css/_partial/sidebar.styl\u001b[39m","time":"2016-02-07T15:30:17.652Z","v":0}
{"name":"hexo","hostname":"starsky-ThinkPad-E531","pid":4809,"level":20,"msg":"Unchanged: \u001b[35mthemes/paperbox/source/css/_partial/totop.styl\u001b[39m","time":"2016-02-07T15:30:17.652Z","v":0}
{"name":"hexo","hostname":"starsky-ThinkPad-E531","pid":4809,"level":20,"msg":"Unchanged: \u001b[35mthemes/paperbox/source/css/_util/grid.styl\u001b[39m","time":"2016-02-07T15:30:17.652Z","v":0}
{"name":"hexo","hostname":"starsky-ThinkPad-E531","pid":4809,"level":20,"msg":"Unchanged: \u001b[35mthemes/paperbox/source/css/_util/mixin.styl\u001b[39m","time":"2016-02-07T15:30:17.653Z","v":0}
{"name":"hexo","hostname":"starsky-ThinkPad-E531","pid":4809,"level":20,"msg":"Unchanged: \u001b[35mthemes/paperbox/source/css/_variables.styl\u001b[39m","time":"2016-02-07T15:30:17.653Z","v":0}
{"name":"hexo","hostname":"starsky-ThinkPad-E531","pid":4809,"level":20,"msg":"Unchanged: \u001b[35mthemes/paperbox/source/css/style.styl\u001b[39m","time":"2016-02-07T15:30:17.653Z","v":0}
{"name":"hexo","hostname":"starsky-ThinkPad-E531","pid":4809,"level":20,"msg":"Unchanged: \u001b[35mthemes/paperbox/source/fancybox/blank.gif\u001b[39m","time":"2016-02-07T15:30:17.653Z","v":0}
{"name":"hexo","hostname":"starsky-ThinkPad-E531","pid":4809,"level":20,"msg":"Unchanged: \u001b[35mthemes/paperbox/source/fancybox/fancybox_loading.gif\u001b[39m","time":"2016-02-07T15:30:17.653Z","v":0}
{"name":"hexo","hostname":"starsky-ThinkPad-E531","pid":4809,"level":20,"msg":"Unchanged: \u001b[35mthemes/paperbox/source/fancybox/fancybox_loading@2x.gif\u001b[39m","time":"2016-02-07T15:30:17.653Z","v":0}
{"name":"hexo","hostname":"starsky-ThinkPad-E531","pid":4809,"level":20,"msg":"Unchanged: \u001b[35mthemes/paperbox/source/fancybox/fancybox_overlay.png\u001b[39m","time":"2016-02-07T15:30:17.654Z","v":0}
{"name":"hexo","hostname":"starsky-ThinkPad-E531","pid":4809,"level":20,"msg":"Unchanged: \u001b[35mthemes/paperbox/source/fancybox/fancybox_sprite.png\u001b[39m","time":"2016-02-07T15:30:17.654Z","v":0}
{"name":"hexo","hostname":"starsky-ThinkPad-E531","pid":4809,"level":20,"msg":"Unchanged: \u001b[35mthemes/paperbox/source/fancybox/fancybox_sprite@2x.png\u001b[39m","time":"2016-02-07T15:30:17.654Z","v":0}
{"name":"hexo","hostname":"starsky-ThinkPad-E531","pid":4809,"level":20,"msg":"Unchanged: \u001b[35mthemes/paperbox/source/fancybox/helpers/fancybox_buttons.png\u001b[39m","time":"2016-02-07T15:30:17.654Z","v":0}
{"name":"hexo","hostname":"starsky-ThinkPad-E531","pid":4809,"level":20,"msg":"Unchanged: \u001b[35mthemes/paperbox/source/fancybox/helpers/jquery.fancybox-buttons.css\u001b[39m","time":"2016-02-07T15:30:17.655Z","v":0}
{"name":"hexo","hostname":"starsky-ThinkPad-E531","pid":4809,"level":20,"msg":"Unchanged: \u001b[35mthemes/paperbox/source/fancybox/helpers/jquery.fancybox-buttons.js\u001b[39m","time":"2016-02-07T15:30:17.655Z","v":0}
{"name":"hexo","hostname":"starsky-ThinkPad-E531","pid":4809,"level":20,"msg":"Unchanged: \u001b[35mthemes/paperbox/source/fancybox/helpers/jquery.fancybox-media.js\u001b[39m","time":"2016-02-07T15:30:17.655Z","v":0}
{"name":"hexo","hostname":"starsky-ThinkPad-E531","pid":4809,"level":20,"msg":"Unchanged: \u001b[35mthemes/paperbox/source/fancybox/helpers/jquery.fancybox-thumbs.css\u001b[39m","time":"2016-02-07T15:30:17.656Z","v":0}
{"name":"hexo","hostname":"starsky-ThinkPad-E531","pid":4809,"level":20,"msg":"Unchanged: \u001b[35mthemes/paperbox/source/fancybox/helpers/jquery.fancybox-thumbs.js\u001b[39m","time":"2016-02-07T15:30:17.657Z","v":0}
{"name":"hexo","hostname":"starsky-ThinkPad-E531","pid":4809,"level":20,"msg":"Unchanged: \u001b[35mthemes/paperbox/source/fancybox/jquery.fancybox.css\u001b[39m","time":"2016-02-07T15:30:17.657Z","v":0}
{"name":"hexo","hostname":"starsky-ThinkPad-E531","pid":4809,"level":20,"msg":"Unchanged: \u001b[35mthemes/paperbox/source/fancybox/jquery.fancybox.js\u001b[39m","time":"2016-02-07T15:30:17.657Z","v":0}
{"name":"hexo","hostname":"starsky-ThinkPad-E531","pid":4809,"level":20,"msg":"Unchanged: \u001b[35mthemes/paperbox/source/fancybox/jquery.fancybox.pack.js\u001b[39m","time":"2016-02-07T15:30:17.659Z","v":0}
{"name":"hexo","hostname":"starsky-ThinkPad-E531","pid":4809,"level":20,"msg":"Unchanged: \u001b[35mthemes/paperbox/source/img/black.png\u001b[39m","time":"2016-02-07T15:30:17.659Z","v":0}
{"name":"hexo","hostname":"starsky-ThinkPad-E531","pid":4809,"level":20,"msg":"Unchanged: \u001b[35mthemes/paperbox/source/img/white.png\u001b[39m","time":"2016-02-07T15:30:17.660Z","v":0}
{"name":"hexo","hostname":"starsky-ThinkPad-E531","pid":4809,"level":20,"msg":"Unchanged: \u001b[35mthemes/paperbox/source/js/script.js\u001b[39m","time":"2016-02-07T15:30:17.660Z","v":0}
{"name":"hexo","hostname":"starsky-ThinkPad-E531","pid":4809,"level":20,"msg":"Unchanged: \u001b[35mthemes/paperbox/source/css/images/banner.jpg\u001b[39m","time":"2016-02-07T15:30:17.690Z","v":0}
{"name":"hexo","hostname":"starsky-ThinkPad-E531","pid":4809,"level":20,"msg":"Processed: \u001b[35msource/css/images/banner.jpg\u001b[39m","time":"2016-02-07T15:30:17.692Z","v":0}
{"name":"hexo","hostname":"starsky-ThinkPad-E531","pid":4809,"level":20,"msg":"Processed: \u001b[35msource/js/script.js\u001b[39m","time":"2016-02-07T15:30:17.692Z","v":0}
{"name":"hexo","hostname":"starsky-ThinkPad-E531","pid":4809,"level":20,"msg":"Processed: \u001b[35msource/img/white.png\u001b[39m","time":"2016-02-07T15:30:17.693Z","v":0}
{"name":"hexo","hostname":"starsky-ThinkPad-E531","pid":4809,"level":20,"msg":"Processed: \u001b[35msource/img/black.png\u001b[39m","time":"2016-02-07T15:30:17.693Z","v":0}
{"name":"hexo","hostname":"starsky-ThinkPad-E531","pid":4809,"level":20,"msg":"Processed: \u001b[35msource/fancybox/jquery.fancybox.pack.js\u001b[39m","time":"2016-02-07T15:30:17.694Z","v":0}
{"name":"hexo","hostname":"starsky-ThinkPad-E531","pid":4809,"level":20,"msg":"Processed: \u001b[35msource/fancybox/jquery.fancybox.js\u001b[39m","time":"2016-02-07T15:30:17.695Z","v":0}
{"name":"hexo","hostname":"starsky-ThinkPad-E531","pid":4809,"level":20,"msg":"Processed: \u001b[35msource/fancybox/jquery.fancybox.css\u001b[39m","time":"2016-02-07T15:30:17.695Z","v":0}
{"name":"hexo","hostname":"starsky-ThinkPad-E531","pid":4809,"level":20,"msg":"Processed: \u001b[35msource/fancybox/helpers/jquery.fancybox-thumbs.js\u001b[39m","time":"2016-02-07T15:30:17.696Z","v":0}
{"name":"hexo","hostname":"starsky-ThinkPad-E531","pid":4809,"level":20,"msg":"Processed: \u001b[35msource/fancybox/helpers/jquery.fancybox-thumbs.css\u001b[39m","time":"2016-02-07T15:30:17.696Z","v":0}
{"name":"hexo","hostname":"starsky-ThinkPad-E531","pid":4809,"level":20,"msg":"Processed: \u001b[35msource/fancybox/helpers/jquery.fancybox-media.js\u001b[39m","time":"2016-02-07T15:30:17.697Z","v":0}
{"name":"hexo","hostname":"starsky-ThinkPad-E531","pid":4809,"level":20,"msg":"Processed: \u001b[35msource/fancybox/helpers/jquery.fancybox-buttons.js\u001b[39m","time":"2016-02-07T15:30:17.697Z","v":0}
{"name":"hexo","hostname":"starsky-ThinkPad-E531","pid":4809,"level":20,"msg":"Processed: \u001b[35msource/fancybox/helpers/jquery.fancybox-buttons.css\u001b[39m","time":"2016-02-07T15:30:17.698Z","v":0}
{"name":"hexo","hostname":"starsky-ThinkPad-E531","pid":4809,"level":20,"msg":"Processed: \u001b[35msource/fancybox/helpers/fancybox_buttons.png\u001b[39m","time":"2016-02-07T15:30:17.698Z","v":0}
{"name":"hexo","hostname":"starsky-ThinkPad-E531","pid":4809,"level":20,"msg":"Processed: \u001b[35msource/fancybox/fancybox_sprite@2x.png\u001b[39m","time":"2016-02-07T15:30:17.699Z","v":0}
{"name":"hexo","hostname":"starsky-ThinkPad-E531","pid":4809,"level":20,"msg":"Processed: \u001b[35msource/fancybox/fancybox_sprite.png\u001b[39m","time":"2016-02-07T15:30:17.700Z","v":0}
{"name":"hexo","hostname":"starsky-ThinkPad-E531","pid":4809,"level":20,"msg":"Processed: \u001b[35msource/fancybox/fancybox_overlay.png\u001b[39m","time":"2016-02-07T15:30:17.700Z","v":0}
{"name":"hexo","hostname":"starsky-ThinkPad-E531","pid":4809,"level":20,"msg":"Processed: \u001b[35msource/fancybox/fancybox_loading@2x.gif\u001b[39m","time":"2016-02-07T15:30:17.700Z","v":0}
{"name":"hexo","hostname":"starsky-ThinkPad-E531","pid":4809,"level":20,"msg":"Processed: \u001b[35msource/fancybox/fancybox_loading.gif\u001b[39m","time":"2016-02-07T15:30:17.702Z","v":0}
{"name":"hexo","hostname":"starsky-ThinkPad-E531","pid":4809,"level":20,"msg":"Processed: \u001b[35msource/fancybox/blank.gif\u001b[39m","time":"2016-02-07T15:30:17.703Z","v":0}
{"name":"hexo","hostname":"starsky-ThinkPad-E531","pid":4809,"level":20,"msg":"Processed: \u001b[35msource/css/style.styl\u001b[39m","time":"2016-02-07T15:30:17.703Z","v":0}
{"name":"hexo","hostname":"starsky-ThinkPad-E531","pid":4809,"level":20,"msg":"Processed: \u001b[35mlayout/tag.ejs\u001b[39m","time":"2016-02-07T15:30:17.707Z","v":0}
{"name":"hexo","hostname":"starsky-ThinkPad-E531","pid":4809,"level":20,"msg":"Processed: \u001b[35mlayout/post.ejs\u001b[39m","time":"2016-02-07T15:30:17.708Z","v":0}
{"name":"hexo","hostname":"starsky-ThinkPad-E531","pid":4809,"level":20,"msg":"Processed: \u001b[35mlayout/page.ejs\u001b[39m","time":"2016-02-07T15:30:17.715Z","v":0}
{"name":"hexo","hostname":"starsky-ThinkPad-E531","pid":4809,"level":20,"msg":"Processed: \u001b[35mlayout/layout.ejs\u001b[39m","time":"2016-02-07T15:30:17.717Z","v":0}
{"name":"hexo","hostname":"starsky-ThinkPad-E531","pid":4809,"level":20,"msg":"Processed: \u001b[35mlayout/index.ejs\u001b[39m","time":"2016-02-07T15:30:17.718Z","v":0}
{"name":"hexo","hostname":"starsky-ThinkPad-E531","pid":4809,"level":20,"msg":"Processed: \u001b[35mlayout/category.ejs\u001b[39m","time":"2016-02-07T15:30:17.719Z","v":0}
{"name":"hexo","hostname":"starsky-ThinkPad-E531","pid":4809,"level":20,"msg":"Processed: \u001b[35mlayout/archive.ejs\u001b[39m","time":"2016-02-07T15:30:17.730Z","v":0}
{"name":"hexo","hostname":"starsky-ThinkPad-E531","pid":4809,"level":20,"msg":"Processed: \u001b[35mlayout/_widget/tagcloud.ejs\u001b[39m","time":"2016-02-07T15:30:17.731Z","v":0}
{"name":"hexo","hostname":"starsky-ThinkPad-E531","pid":4809,"level":20,"msg":"Processed: \u001b[35mlayout/_widget/tag.ejs\u001b[39m","time":"2016-02-07T15:30:17.732Z","v":0}
{"name":"hexo","hostname":"starsky-ThinkPad-E531","pid":4809,"level":20,"msg":"Processed: \u001b[35mlayout/_widget/recent_posts.ejs\u001b[39m","time":"2016-02-07T15:30:17.735Z","v":0}
{"name":"hexo","hostname":"starsky-ThinkPad-E531","pid":4809,"level":20,"msg":"Processed: \u001b[35mlayout/_widget/links.ejs\u001b[39m","time":"2016-02-07T15:30:17.738Z","v":0}
{"name":"hexo","hostname":"starsky-ThinkPad-E531","pid":4809,"level":20,"msg":"Processed: \u001b[35mlayout/_widget/category.ejs\u001b[39m","time":"2016-02-07T15:30:17.740Z","v":0}
{"name":"hexo","hostname":"starsky-ThinkPad-E531","pid":4809,"level":20,"msg":"Processed: \u001b[35mlayout/_widget/archive.ejs\u001b[39m","time":"2016-02-07T15:30:17.742Z","v":0}
{"name":"hexo","hostname":"starsky-ThinkPad-E531","pid":4809,"level":20,"msg":"Processed: \u001b[35mlayout/_partial/totop.ejs\u001b[39m","time":"2016-02-07T15:30:17.743Z","v":0}
{"name":"hexo","hostname":"starsky-ThinkPad-E531","pid":4809,"level":20,"msg":"Processed: \u001b[35mlayout/_partial/swiftype.ejs\u001b[39m","time":"2016-02-07T15:30:17.744Z","v":0}
{"name":"hexo","hostname":"starsky-ThinkPad-E531","pid":4809,"level":20,"msg":"Processed: \u001b[35mlayout/_partial/sidebar.ejs\u001b[39m","time":"2016-02-07T15:30:17.745Z","v":0}
{"name":"hexo","hostname":"starsky-ThinkPad-E531","pid":4809,"level":20,"msg":"Processed: \u001b[35mlayout/_partial/post/title.ejs\u001b[39m","time":"2016-02-07T15:30:17.747Z","v":0}
{"name":"hexo","hostname":"starsky-ThinkPad-E531","pid":4809,"level":20,"msg":"Processed: \u001b[35mlayout/_partial/post/tag.ejs\u001b[39m","time":"2016-02-07T15:30:17.749Z","v":0}
{"name":"hexo","hostname":"starsky-ThinkPad-E531","pid":4809,"level":20,"msg":"Processed: \u001b[35mlayout/_partial/post/nav.ejs\u001b[39m","time":"2016-02-07T15:30:17.750Z","v":0}
{"name":"hexo","hostname":"starsky-ThinkPad-E531","pid":4809,"level":20,"msg":"Processed: \u001b[35mlayout/_partial/post/gallery.ejs\u001b[39m","time":"2016-02-07T15:30:17.751Z","v":0}
{"name":"hexo","hostname":"starsky-ThinkPad-E531","pid":4809,"level":20,"msg":"Processed: \u001b[35mlayout/_partial/post/date.ejs\u001b[39m","time":"2016-02-07T15:30:17.752Z","v":0}
{"name":"hexo","hostname":"starsky-ThinkPad-E531","pid":4809,"level":20,"msg":"Processed: \u001b[35mlayout/_partial/post/category.ejs\u001b[39m","time":"2016-02-07T15:30:17.753Z","v":0}
{"name":"hexo","hostname":"starsky-ThinkPad-E531","pid":4809,"level":20,"msg":"Processed: \u001b[35mlayout/_partial/mobile-nav.ejs\u001b[39m","time":"2016-02-07T15:30:17.755Z","v":0}
{"name":"hexo","hostname":"starsky-ThinkPad-E531","pid":4809,"level":20,"msg":"Processed: \u001b[35mlayout/_partial/header.ejs\u001b[39m","time":"2016-02-07T15:30:17.756Z","v":0}
{"name":"hexo","hostname":"starsky-ThinkPad-E531","pid":4809,"level":20,"msg":"Processed: \u001b[35mlayout/_partial/head.ejs\u001b[39m","time":"2016-02-07T15:30:17.756Z","v":0}
{"name":"hexo","hostname":"starsky-ThinkPad-E531","pid":4809,"level":20,"msg":"Processed: \u001b[35mlayout/_partial/google-analytics.ejs\u001b[39m","time":"2016-02-07T15:30:17.757Z","v":0}
{"name":"hexo","hostname":"starsky-ThinkPad-E531","pid":4809,"level":20,"msg":"Processed: \u001b[35mlayout/_partial/footer.ejs\u001b[39m","time":"2016-02-07T15:30:17.758Z","v":0}
{"name":"hexo","hostname":"starsky-ThinkPad-E531","pid":4809,"level":20,"msg":"Processed: \u001b[35mlayout/_partial/article.ejs\u001b[39m","time":"2016-02-07T15:30:17.759Z","v":0}
{"name":"hexo","hostname":"starsky-ThinkPad-E531","pid":4809,"level":20,"msg":"Processed: \u001b[35mlayout/_partial/archive.ejs\u001b[39m","time":"2016-02-07T15:30:17.760Z","v":0}
{"name":"hexo","hostname":"starsky-ThinkPad-E531","pid":4809,"level":20,"msg":"Processed: \u001b[35mlayout/_partial/archive-post.ejs\u001b[39m","time":"2016-02-07T15:30:17.761Z","v":0}
{"name":"hexo","hostname":"starsky-ThinkPad-E531","pid":4809,"level":20,"msg":"Processed: \u001b[35mlayout/_partial/after-footer.ejs\u001b[39m","time":"2016-02-07T15:30:17.763Z","v":0}
{"name":"hexo","hostname":"starsky-ThinkPad-E531","pid":4809,"level":20,"msg":"Processed: \u001b[35mlanguages/zh-TW.yml\u001b[39m","time":"2016-02-07T15:30:17.766Z","v":0}
{"name":"hexo","hostname":"starsky-ThinkPad-E531","pid":4809,"level":20,"msg":"Processed: \u001b[35mlanguages/zh-CN.yml\u001b[39m","time":"2016-02-07T15:30:17.768Z","v":0}
{"name":"hexo","hostname":"starsky-ThinkPad-E531","pid":4809,"level":20,"msg":"Processed: \u001b[35mlanguages/default.yml\u001b[39m","time":"2016-02-07T15:30:17.770Z","v":0}
{"name":"hexo","hostname":"starsky-ThinkPad-E531","pid":4809,"level":20,"msg":"Theme config loaded.","time":"2016-02-07T15:30:17.772Z","v":0}
{"name":"hexo","hostname":"starsky-ThinkPad-E531","pid":4809,"level":20,"msg":"Processed: \u001b[35m_config.yml\u001b[39m","time":"2016-02-07T15:30:17.774Z","v":0}
{"name":"hexo","hostname":"starsky-ThinkPad-E531","pid":4809,"level":20,"msg":"Updated: \u001b[35msource/debug.log\u001b[39m","time":"2016-02-07T15:30:17.778Z","v":0}
{"name":"hexo","hostname":"starsky-ThinkPad-E531","pid":4809,"level":20,"msg":"Generator: \u001b[35mpage\u001b[39m","time":"2016-02-07T15:30:19.086Z","v":0}
{"name":"hexo","hostname":"starsky-ThinkPad-E531","pid":4809,"level":20,"msg":"Generator: \u001b[35mpost\u001b[39m","time":"2016-02-07T15:30:19.086Z","v":0}
{"name":"hexo","hostname":"starsky-ThinkPad-E531","pid":4809,"level":20,"msg":"Generator: \u001b[35mfeed\u001b[39m","time":"2016-02-07T15:30:19.086Z","v":0}
{"name":"hexo","hostname":"starsky-ThinkPad-E531","pid":4809,"level":20,"msg":"Generator: \u001b[35mindex\u001b[39m","time":"2016-02-07T15:30:19.087Z","v":0}
{"name":"hexo","hostname":"starsky-ThinkPad-E531","pid":4809,"level":20,"msg":"Generator: \u001b[35msitemap\u001b[39m","time":"2016-02-07T15:30:19.087Z","v":0}
{"name":"hexo","hostname":"starsky-ThinkPad-E531","pid":4809,"level":20,"msg":"Generator: \u001b[35mtag\u001b[39m","time":"2016-02-07T15:30:19.087Z","v":0}
{"name":"hexo","hostname":"starsky-ThinkPad-E531","pid":4809,"level":20,"msg":"Generator: \u001b[35mcategory\u001b[39m","time":"2016-02-07T15:30:19.087Z","v":0}
{"name":"hexo","hostname":"starsky-ThinkPad-E531","pid":4809,"level":20,"msg":"Generator: \u001b[35marchive\u001b[39m","time":"2016-02-07T15:30:19.087Z","v":0}
{"name":"hexo","hostname":"starsky-ThinkPad-E531","pid":4809,"level":20,"msg":"Generator: \u001b[35masset\u001b[39m","time":"2016-02-07T15:30:19.090Z","v":0}
{"name":"hexo","hostname":"starsky-ThinkPad-E531","pid":4809,"level":20,"msg":"Processed: \u001b[35mdebug.log\u001b[39m","time":"2016-02-07T15:30:19.092Z","v":0}
{"name":"hexo","hostname":"starsky-ThinkPad-E531","pid":4809,"level":50,"msg":"\u001b[31mCan't make link fail!\u001b[39m","time":"2016-02-07T15:30:19.111Z","v":0}
{"name":"hexo","hostname":"starsky-ThinkPad-E531","pid":4809,"level":40,"msg":"\u001b[31mMaybe do not have permission.\u001b[39m","time":"2016-02-07T15:30:19.111Z","v":0}
{"name":"hexo","hostname":"starsky-ThinkPad-E531","pid":4809,"level":30,"msg":"Hexo is running at \u001b[4mhttp://0.0.0.0:4000/\u001b[24m. Press Ctrl+C to stop.","time":"2016-02-07T15:30:19.113Z","v":0}
{"name":"hexo","hostname":"starsky-ThinkPad-E531","pid":4809,"level":40,"msg":"\u001b[31mDir exists,can't symlink:\u001b[39m/home/starsky/Lab/Hexo/11zHexo/source/static","time":"2016-02-07T15:30:19.114Z","v":0}
{"name":"hexo","hostname":"starsky-ThinkPad-E531","pid":4809,"level":20,"msg":"Updated: \u001b[35msource/debug.log\u001b[39m","time":"2016-02-07T15:30:19.130Z","v":0}
{"name":"hexo","hostname":"starsky-ThinkPad-E531","pid":4809,"level":20,"msg":"Database saved","time":"2016-02-07T15:30:19.131Z","v":0}
{"name":"hexo","hostname":"starsky-ThinkPad-E531","pid":4809,"level":20,"msg":"Processed: \u001b[35mdebug.log\u001b[39m","time":"2016-02-07T15:30:19.233Z","v":0}
{"name":"hexo","hostname":"starsky-ThinkPad-E531","pid":4809,"level":20,"msg":"Generator: \u001b[35mpage\u001b[39m","time":"2016-02-07T15:30:19.824Z","v":0}
{"name":"hexo","hostname":"starsky-ThinkPad-E531","pid":4809,"level":20,"msg":"Generator: \u001b[35mpost\u001b[39m","time":"2016-02-07T15:30:19.824Z","v":0}
{"name":"hexo","hostname":"starsky-ThinkPad-E531","pid":4809,"level":20,"msg":"Generator: \u001b[35mfeed\u001b[39m","time":"2016-02-07T15:30:19.824Z","v":0}
{"name":"hexo","hostname":"starsky-ThinkPad-E531","pid":4809,"level":20,"msg":"Generator: \u001b[35mindex\u001b[39m","time":"2016-02-07T15:30:19.824Z","v":0}
{"name":"hexo","hostname":"starsky-ThinkPad-E531","pid":4809,"level":20,"msg":"Generator: \u001b[35msitemap\u001b[39m","time":"2016-02-07T15:30:19.825Z","v":0}
{"name":"hexo","hostname":"starsky-ThinkPad-E531","pid":4809,"level":20,"msg":"Generator: \u001b[35mtag\u001b[39m","time":"2016-02-07T15:30:19.825Z","v":0}
{"name":"hexo","hostname":"starsky-ThinkPad-E531","pid":4809,"level":20,"msg":"Generator: \u001b[35mcategory\u001b[39m","time":"2016-02-07T15:30:19.825Z","v":0}
{"name":"hexo","hostname":"starsky-ThinkPad-E531","pid":4809,"level":20,"msg":"Generator: \u001b[35marchive\u001b[39m","time":"2016-02-07T15:30:19.825Z","v":0}
{"name":"hexo","hostname":"starsky-ThinkPad-E531","pid":4809,"level":20,"msg":"Generator: \u001b[35masset\u001b[39m","time":"2016-02-07T15:30:19.827Z","v":0}
